{"/Users/dead_inside/bazyDanych/techmarket-api/src/server.ts": {"path":"/Users/dead_inside/bazyDanych/techmarket-api/src/server.ts","statementMap":{"0":{"start":{"line":1,"column":0},"end":{"line":1,"column":23}},"1":{"start":{"line":2,"column":0},"end":{"line":2,"column":30}},"2":{"start":{"line":3,"column":0},"end":{"line":3,"column":24}},"3":{"start":{"line":4,"column":0},"end":{"line":4,"column":28}},"4":{"start":{"line":5,"column":0},"end":{"line":5,"column":52}},"5":{"start":{"line":6,"column":0},"end":{"line":6,"column":55}},"6":{"start":{"line":7,"column":0},"end":{"line":7,"column":50}},"7":{"start":{"line":8,"column":0},"end":{"line":8,"column":46}},"8":{"start":{"line":9,"column":0},"end":{"line":9,"column":63}},"9":{"start":{"line":11,"column":12},"end":{"line":11,"column":21}},"10":{"start":{"line":13,"column":0},"end":{"line":13,"column":24}},"11":{"start":{"line":14,"column":0},"end":{"line":14,"column":70}},"12":{"start":{"line":15,"column":0},"end":{"line":15,"column":23}},"13":{"start":{"line":17,"column":0},"end":{"line":17,"column":37}},"14":{"start":{"line":18,"column":0},"end":{"line":18,"column":41}},"15":{"start":{"line":19,"column":0},"end":{"line":19,"column":35}},"16":{"start":{"line":20,"column":0},"end":{"line":20,"column":31}},"17":{"start":{"line":22,"column":0},"end":{"line":22,"column":28}},"18":{"start":{"line":24,"column":13},"end":{"line":24,"column":37}},"19":{"start":{"line":26,"column":0},"end":{"line":30,"column":1}},"20":{"start":{"line":27,"column":4},"end":{"line":29,"column":7}},"21":{"start":{"line":28,"column":8},"end":{"line":28,"column":58}},"22":{"start":{"line":32,"column":0},"end":{"line":32,"column":19}}},"fnMap":{"0":{"name":"(anonymous_1)","decl":{"start":{"line":27,"column":21},"end":{"line":27,"column":24}},"loc":{"start":{"line":27,"column":26},"end":{"line":29,"column":5}}}},"branchMap":{"0":{"loc":{"start":{"line":24,"column":13},"end":{"line":24,"column":37}},"type":"binary-expr","locations":[{"start":{"line":24,"column":13},"end":{"line":24,"column":29}},{"start":{"line":24,"column":33},"end":{"line":24,"column":37}}]},"1":{"loc":{"start":{"line":26,"column":0},"end":{"line":30,"column":1}},"type":"if","locations":[{"start":{"line":26,"column":0},"end":{"line":30,"column":1}}]}},"s":{"0":4,"1":4,"2":4,"3":4,"4":4,"5":4,"6":4,"7":4,"8":4,"9":4,"10":4,"11":4,"12":4,"13":4,"14":4,"15":4,"16":4,"17":4,"18":4,"19":4,"20":0,"21":0,"22":4},"f":{"0":0},"b":{"0":[4,0],"1":[0]}}
,"/Users/dead_inside/bazyDanych/techmarket-api/src/controllers/category.controller.ts": {"path":"/Users/dead_inside/bazyDanych/techmarket-api/src/controllers/category.controller.ts","statementMap":{"0":{"start":{"line":12,"column":0},"end":{"line":12,"column":22}},"1":{"start":{"line":25,"column":0},"end":{"line":25,"column":22}},"2":{"start":{"line":45,"column":0},"end":{"line":45,"column":22}},"3":{"start":{"line":65,"column":0},"end":{"line":65,"column":22}},"4":{"start":{"line":87,"column":0},"end":{"line":87,"column":22}},"5":{"start":{"line":106,"column":0},"end":{"line":106,"column":22}},"6":{"start":{"line":2,"column":0},"end":{"line":2,"column":null}},"7":{"start":{"line":17,"column":4},"end":{"line":22,"column":5}},"8":{"start":{"line":18,"column":30},"end":{"line":18,"column":54}},"9":{"start":{"line":19,"column":8},"end":{"line":19,"column":44}},"10":{"start":{"line":21,"column":8},"end":{"line":21,"column":20}},"11":{"start":{"line":30,"column":4},"end":{"line":42,"column":5}},"12":{"start":{"line":31,"column":31},"end":{"line":31,"column":41}},"13":{"start":{"line":32,"column":23},"end":{"line":32,"column":56}},"14":{"start":{"line":33,"column":8},"end":{"line":39,"column":21}},"15":{"start":{"line":41,"column":8},"end":{"line":41,"column":20}},"16":{"start":{"line":50,"column":4},"end":{"line":62,"column":5}},"17":{"start":{"line":51,"column":31},"end":{"line":51,"column":41}},"18":{"start":{"line":52,"column":30},"end":{"line":52,"column":38}},"19":{"start":{"line":54,"column":23},"end":{"line":54,"column":76}},"20":{"start":{"line":56,"column":8},"end":{"line":59,"column":11}},"21":{"start":{"line":61,"column":8},"end":{"line":61,"column":20}},"22":{"start":{"line":70,"column":4},"end":{"line":84,"column":5}},"23":{"start":{"line":71,"column":38},"end":{"line":71,"column":46}},"24":{"start":{"line":72,"column":50},"end":{"line":75,"column":10}},"25":{"start":{"line":77,"column":23},"end":{"line":77,"column":56}},"26":{"start":{"line":78,"column":8},"end":{"line":81,"column":11}},"27":{"start":{"line":83,"column":8},"end":{"line":83,"column":20}},"28":{"start":{"line":92,"column":4},"end":{"line":103,"column":5}},"29":{"start":{"line":93,"column":31},"end":{"line":93,"column":41}},"30":{"start":{"line":94,"column":32},"end":{"line":94,"column":64}},"31":{"start":{"line":95,"column":8},"end":{"line":100,"column":70}},"32":{"start":{"line":102,"column":8},"end":{"line":102,"column":20}},"33":{"start":{"line":111,"column":4},"end":{"line":119,"column":5}},"34":{"start":{"line":112,"column":31},"end":{"line":112,"column":41}},"35":{"start":{"line":113,"column":25},"end":{"line":113,"column":67}},"36":{"start":{"line":114,"column":8},"end":{"line":116,"column":70}},"37":{"start":{"line":118,"column":8},"end":{"line":118,"column":20}}},"fnMap":{"0":{"name":"getAllCategoriesController","decl":{"start":{"line":12,"column":22},"end":{"line":12,"column":48}},"loc":{"start":{"line":15,"column":22},"end":{"line":23,"column":null}}},"1":{"name":"getCategoryByIdController","decl":{"start":{"line":25,"column":22},"end":{"line":25,"column":47}},"loc":{"start":{"line":28,"column":22},"end":{"line":43,"column":null}}},"2":{"name":"partlyChangeCategoryController","decl":{"start":{"line":45,"column":22},"end":{"line":45,"column":52}},"loc":{"start":{"line":48,"column":22},"end":{"line":63,"column":null}}},"3":{"name":"createCategoryController","decl":{"start":{"line":65,"column":22},"end":{"line":65,"column":46}},"loc":{"start":{"line":68,"column":22},"end":{"line":85,"column":null}}},"4":{"name":"deleteCategoryController","decl":{"start":{"line":87,"column":22},"end":{"line":87,"column":46}},"loc":{"start":{"line":90,"column":22},"end":{"line":104,"column":null}}},"5":{"name":"getCategoryDetailsController","decl":{"start":{"line":106,"column":22},"end":{"line":106,"column":50}},"loc":{"start":{"line":109,"column":22},"end":{"line":120,"column":null}}}},"branchMap":{"0":{"loc":{"start":{"line":33,"column":8},"end":{"line":39,"column":20}},"type":"cond-expr","locations":[{"start":{"line":34,"column":14},"end":{"line":34,"column":42}},{"start":{"line":35,"column":14},"end":{"line":39,"column":20}}]},"1":{"loc":{"start":{"line":95,"column":8},"end":{"line":100,"column":69}},"type":"cond-expr","locations":[{"start":{"line":96,"column":14},"end":{"line":99,"column":16}},{"start":{"line":100,"column":14},"end":{"line":100,"column":69}}]},"2":{"loc":{"start":{"line":114,"column":8},"end":{"line":116,"column":69}},"type":"cond-expr","locations":[{"start":{"line":115,"column":14},"end":{"line":115,"column":44}},{"start":{"line":116,"column":14},"end":{"line":116,"column":69}}]}},"s":{"0":4,"1":4,"2":4,"3":4,"4":4,"5":4,"6":4,"7":1,"8":1,"9":1,"10":0,"11":2,"12":2,"13":2,"14":2,"15":0,"16":1,"17":1,"18":1,"19":1,"20":1,"21":0,"22":1,"23":1,"24":1,"25":1,"26":1,"27":0,"28":2,"29":2,"30":2,"31":1,"32":1,"33":0,"34":0,"35":0,"36":0,"37":0},"f":{"0":1,"1":2,"2":1,"3":1,"4":2,"5":0},"b":{"0":[1,1],"1":[1,0],"2":[0,0]}}
,"/Users/dead_inside/bazyDanych/techmarket-api/src/controllers/product.controller.ts": {"path":"/Users/dead_inside/bazyDanych/techmarket-api/src/controllers/product.controller.ts","statementMap":{"0":{"start":{"line":13,"column":0},"end":{"line":13,"column":22}},"1":{"start":{"line":43,"column":0},"end":{"line":43,"column":22}},"2":{"start":{"line":61,"column":0},"end":{"line":61,"column":22}},"3":{"start":{"line":100,"column":0},"end":{"line":100,"column":22}},"4":{"start":{"line":161,"column":0},"end":{"line":161,"column":22}},"5":{"start":{"line":185,"column":0},"end":{"line":185,"column":22}},"6":{"start":{"line":2,"column":0},"end":{"line":2,"column":null}},"7":{"start":{"line":18,"column":4},"end":{"line":40,"column":5}},"8":{"start":{"line":19,"column":45},"end":{"line":19,"column":54}},"9":{"start":{"line":21,"column":8},"end":{"line":37,"column":9}},"10":{"start":{"line":23,"column":12},"end":{"line":26,"column":13}},"11":{"start":{"line":24,"column":16},"end":{"line":25,"column":67}},"12":{"start":{"line":24,"column":43},"end":{"line":24,"column":60}},"13":{"start":{"line":25,"column":21},"end":{"line":25,"column":67}},"14":{"start":{"line":25,"column":49},"end":{"line":25,"column":67}},"15":{"start":{"line":28,"column":29},"end":{"line":31,"column":14}},"16":{"start":{"line":33,"column":12},"end":{"line":33,"column":43}},"17":{"start":{"line":35,"column":32},"end":{"line":35,"column":54}},"18":{"start":{"line":36,"column":12},"end":{"line":36,"column":46}},"19":{"start":{"line":39,"column":8},"end":{"line":39,"column":20}},"20":{"start":{"line":48,"column":4},"end":{"line":58,"column":5}},"21":{"start":{"line":49,"column":30},"end":{"line":49,"column":40}},"22":{"start":{"line":50,"column":23},"end":{"line":50,"column":54}},"23":{"start":{"line":51,"column":8},"end":{"line":55,"column":80}},"24":{"start":{"line":57,"column":8},"end":{"line":57,"column":20}},"25":{"start":{"line":66,"column":4},"end":{"line":97,"column":5}},"26":{"start":{"line":76,"column":12},"end":{"line":76,"column":20}},"27":{"start":{"line":78,"column":62},"end":{"line":87,"column":10}},"28":{"start":{"line":89,"column":23},"end":{"line":89,"column":54}},"29":{"start":{"line":91,"column":8},"end":{"line":94,"column":11}},"30":{"start":{"line":96,"column":8},"end":{"line":96,"column":20}},"31":{"start":{"line":105,"column":4},"end":{"line":158,"column":5}},"32":{"start":{"line":106,"column":30},"end":{"line":106,"column":40}},"33":{"start":{"line":108,"column":76},"end":{"line":117,"column":10}},"34":{"start":{"line":119,"column":74},"end":{"line":119,"column":76}},"35":{"start":{"line":121,"column":8},"end":{"line":133,"column":11}},"36":{"start":{"line":122,"column":12},"end":{"line":132,"column":13}},"37":{"start":{"line":123,"column":16},"end":{"line":131,"column":17}},"38":{"start":{"line":124,"column":20},"end":{"line":124,"column":68}},"39":{"start":{"line":125,"column":23},"end":{"line":131,"column":17}},"40":{"start":{"line":126,"column":20},"end":{"line":126,"column":76}},"41":{"start":{"line":127,"column":23},"end":{"line":131,"column":17}},"42":{"start":{"line":128,"column":20},"end":{"line":128,"column":78}},"43":{"start":{"line":130,"column":20},"end":{"line":130,"column":58}},"44":{"start":{"line":135,"column":8},"end":{"line":155,"column":9}},"45":{"start":{"line":136,"column":12},"end":{"line":138,"column":15}},"46":{"start":{"line":140,"column":35},"end":{"line":142,"column":null}},"47":{"start":{"line":145,"column":12},"end":{"line":154,"column":13}},"48":{"start":{"line":146,"column":16},"end":{"line":148,"column":19}},"49":{"start":{"line":150,"column":16},"end":{"line":153,"column":19}},"50":{"start":{"line":157,"column":8},"end":{"line":157,"column":20}},"51":{"start":{"line":166,"column":4},"end":{"line":182,"column":5}},"52":{"start":{"line":167,"column":30},"end":{"line":167,"column":40}},"53":{"start":{"line":168,"column":31},"end":{"line":168,"column":61}},"54":{"start":{"line":170,"column":8},"end":{"line":179,"column":9}},"55":{"start":{"line":171,"column":12},"end":{"line":173,"column":15}},"56":{"start":{"line":175,"column":12},"end":{"line":178,"column":15}},"57":{"start":{"line":181,"column":8},"end":{"line":181,"column":20}},"58":{"start":{"line":190,"column":4},"end":{"line":198,"column":5}},"59":{"start":{"line":191,"column":30},"end":{"line":191,"column":40}},"60":{"start":{"line":192,"column":24},"end":{"line":192,"column":64}},"61":{"start":{"line":193,"column":8},"end":{"line":195,"column":69}},"62":{"start":{"line":197,"column":8},"end":{"line":197,"column":20}}},"fnMap":{"0":{"name":"getAllProductsController","decl":{"start":{"line":13,"column":22},"end":{"line":13,"column":46}},"loc":{"start":{"line":16,"column":22},"end":{"line":41,"column":null}}},"1":{"name":"getProductByIdController","decl":{"start":{"line":43,"column":22},"end":{"line":43,"column":46}},"loc":{"start":{"line":46,"column":22},"end":{"line":59,"column":null}}},"2":{"name":"createProductController","decl":{"start":{"line":61,"column":22},"end":{"line":61,"column":45}},"loc":{"start":{"line":64,"column":22},"end":{"line":98,"column":null}}},"3":{"name":"partlyChangeProductController","decl":{"start":{"line":100,"column":22},"end":{"line":100,"column":51}},"loc":{"start":{"line":103,"column":22},"end":{"line":159,"column":null}}},"4":{"name":"(anonymous_15)","decl":{"start":{"line":121,"column":30},"end":{"line":121,"column":31}},"loc":{"start":{"line":121,"column":40},"end":{"line":133,"column":9}}},"5":{"name":"deleteProductController","decl":{"start":{"line":161,"column":22},"end":{"line":161,"column":45}},"loc":{"start":{"line":164,"column":22},"end":{"line":183,"column":null}}},"6":{"name":"getProductDetailsController","decl":{"start":{"line":185,"column":22},"end":{"line":185,"column":49}},"loc":{"start":{"line":188,"column":22},"end":{"line":199,"column":null}}}},"branchMap":{"0":{"loc":{"start":{"line":21,"column":8},"end":{"line":37,"column":9}},"type":"if","locations":[{"start":{"line":21,"column":8},"end":{"line":37,"column":9}},{"start":{"line":34,"column":15},"end":{"line":37,"column":9}}]},"1":{"loc":{"start":{"line":21,"column":12},"end":{"line":21,"column":52}},"type":"binary-expr","locations":[{"start":{"line":21,"column":12},"end":{"line":21,"column":23}},{"start":{"line":21,"column":27},"end":{"line":21,"column":52}}]},"2":{"loc":{"start":{"line":23,"column":12},"end":{"line":26,"column":13}},"type":"if","locations":[{"start":{"line":23,"column":12},"end":{"line":26,"column":13}}]},"3":{"loc":{"start":{"line":24,"column":16},"end":{"line":25,"column":67}},"type":"if","locations":[{"start":{"line":24,"column":16},"end":{"line":25,"column":67}},{"start":{"line":25,"column":21},"end":{"line":25,"column":67}}]},"4":{"loc":{"start":{"line":25,"column":21},"end":{"line":25,"column":67}},"type":"if","locations":[{"start":{"line":25,"column":21},"end":{"line":25,"column":67}}]},"5":{"loc":{"start":{"line":51,"column":8},"end":{"line":55,"column":79}},"type":"cond-expr","locations":[{"start":{"line":52,"column":14},"end":{"line":52,"column":42}},{"start":{"line":53,"column":14},"end":{"line":55,"column":79}}]},"6":{"loc":{"start":{"line":122,"column":12},"end":{"line":132,"column":13}},"type":"if","locations":[{"start":{"line":122,"column":12},"end":{"line":132,"column":13}}]},"7":{"loc":{"start":{"line":123,"column":16},"end":{"line":131,"column":17}},"type":"if","locations":[{"start":{"line":123,"column":16},"end":{"line":131,"column":17}},{"start":{"line":125,"column":23},"end":{"line":131,"column":17}}]},"8":{"loc":{"start":{"line":125,"column":23},"end":{"line":131,"column":17}},"type":"if","locations":[{"start":{"line":125,"column":23},"end":{"line":131,"column":17}},{"start":{"line":127,"column":23},"end":{"line":131,"column":17}}]},"9":{"loc":{"start":{"line":127,"column":23},"end":{"line":131,"column":17}},"type":"if","locations":[{"start":{"line":127,"column":23},"end":{"line":131,"column":17}},{"start":{"line":129,"column":23},"end":{"line":131,"column":17}}]},"10":{"loc":{"start":{"line":135,"column":8},"end":{"line":155,"column":9}},"type":"if","locations":[{"start":{"line":135,"column":8},"end":{"line":155,"column":9}},{"start":{"line":139,"column":15},"end":{"line":155,"column":9}}]},"11":{"loc":{"start":{"line":145,"column":12},"end":{"line":154,"column":13}},"type":"if","locations":[{"start":{"line":145,"column":12},"end":{"line":154,"column":13}},{"start":{"line":149,"column":19},"end":{"line":154,"column":13}}]},"12":{"loc":{"start":{"line":170,"column":8},"end":{"line":179,"column":9}},"type":"if","locations":[{"start":{"line":170,"column":8},"end":{"line":179,"column":9}},{"start":{"line":174,"column":15},"end":{"line":179,"column":9}}]},"13":{"loc":{"start":{"line":193,"column":8},"end":{"line":195,"column":68}},"type":"cond-expr","locations":[{"start":{"line":194,"column":14},"end":{"line":194,"column":43}},{"start":{"line":195,"column":14},"end":{"line":195,"column":68}}]}},"s":{"0":4,"1":4,"2":4,"3":4,"4":4,"5":4,"6":4,"7":1,"8":1,"9":1,"10":0,"11":0,"12":0,"13":0,"14":0,"15":0,"16":0,"17":1,"18":1,"19":0,"20":2,"21":2,"22":2,"23":2,"24":0,"25":1,"26":1,"27":1,"28":1,"29":1,"30":0,"31":2,"32":2,"33":2,"34":2,"35":2,"36":16,"37":2,"38":1,"39":1,"40":0,"41":1,"42":0,"43":1,"44":2,"45":1,"46":1,"47":1,"48":0,"49":1,"50":0,"51":2,"52":2,"53":2,"54":1,"55":0,"56":1,"57":1,"58":0,"59":0,"60":0,"61":0,"62":0},"f":{"0":1,"1":2,"2":1,"3":2,"4":16,"5":2,"6":0},"b":{"0":[0,1],"1":[1,1],"2":[0],"3":[0,0],"4":[0],"5":[1,1],"6":[2],"7":[1,1],"8":[0,1],"9":[0,1],"10":[1,1],"11":[0,1],"12":[0,1],"13":[0,0]}}
,"/Users/dead_inside/bazyDanych/techmarket-api/src/controllers/review.controller.ts": {"path":"/Users/dead_inside/bazyDanych/techmarket-api/src/controllers/review.controller.ts","statementMap":{"0":{"start":{"line":12,"column":0},"end":{"line":12,"column":22}},"1":{"start":{"line":25,"column":0},"end":{"line":25,"column":22}},"2":{"start":{"line":41,"column":0},"end":{"line":41,"column":22}},"3":{"start":{"line":65,"column":0},"end":{"line":65,"column":22}},"4":{"start":{"line":93,"column":0},"end":{"line":93,"column":22}},"5":{"start":{"line":112,"column":0},"end":{"line":112,"column":22}},"6":{"start":{"line":2,"column":0},"end":{"line":2,"column":null}},"7":{"start":{"line":17,"column":4},"end":{"line":22,"column":5}},"8":{"start":{"line":18,"column":24},"end":{"line":18,"column":45}},"9":{"start":{"line":19,"column":8},"end":{"line":19,"column":38}},"10":{"start":{"line":21,"column":8},"end":{"line":21,"column":20}},"11":{"start":{"line":30,"column":4},"end":{"line":38,"column":5}},"12":{"start":{"line":31,"column":29},"end":{"line":31,"column":39}},"13":{"start":{"line":32,"column":23},"end":{"line":32,"column":52}},"14":{"start":{"line":33,"column":8},"end":{"line":35,"column":68}},"15":{"start":{"line":37,"column":8},"end":{"line":37,"column":20}},"16":{"start":{"line":46,"column":4},"end":{"line":62,"column":5}},"17":{"start":{"line":47,"column":55},"end":{"line":47,"column":63}},"18":{"start":{"line":48,"column":46},"end":{"line":53,"column":10}},"19":{"start":{"line":55,"column":30},"end":{"line":55,"column":59}},"20":{"start":{"line":56,"column":8},"end":{"line":59,"column":11}},"21":{"start":{"line":61,"column":8},"end":{"line":61,"column":20}},"22":{"start":{"line":70,"column":4},"end":{"line":90,"column":5}},"23":{"start":{"line":71,"column":29},"end":{"line":71,"column":39}},"24":{"start":{"line":72,"column":27},"end":{"line":72,"column":35}},"25":{"start":{"line":74,"column":8},"end":{"line":87,"column":9}},"26":{"start":{"line":75,"column":12},"end":{"line":77,"column":15}},"27":{"start":{"line":79,"column":34},"end":{"line":81,"column":null}},"28":{"start":{"line":83,"column":12},"end":{"line":86,"column":15}},"29":{"start":{"line":89,"column":8},"end":{"line":89,"column":20}},"30":{"start":{"line":98,"column":4},"end":{"line":109,"column":5}},"31":{"start":{"line":99,"column":29},"end":{"line":99,"column":39}},"32":{"start":{"line":100,"column":30},"end":{"line":100,"column":58}},"33":{"start":{"line":101,"column":8},"end":{"line":106,"column":68}},"34":{"start":{"line":108,"column":8},"end":{"line":108,"column":20}},"35":{"start":{"line":117,"column":4},"end":{"line":125,"column":5}},"36":{"start":{"line":118,"column":29},"end":{"line":118,"column":39}},"37":{"start":{"line":119,"column":23},"end":{"line":119,"column":61}},"38":{"start":{"line":120,"column":8},"end":{"line":122,"column":68}},"39":{"start":{"line":124,"column":8},"end":{"line":124,"column":20}}},"fnMap":{"0":{"name":"getAllReviewsController","decl":{"start":{"line":12,"column":22},"end":{"line":12,"column":45}},"loc":{"start":{"line":15,"column":22},"end":{"line":23,"column":null}}},"1":{"name":"getReviewByIdController","decl":{"start":{"line":25,"column":22},"end":{"line":25,"column":45}},"loc":{"start":{"line":28,"column":22},"end":{"line":39,"column":null}}},"2":{"name":"createReviewController","decl":{"start":{"line":41,"column":22},"end":{"line":41,"column":44}},"loc":{"start":{"line":44,"column":22},"end":{"line":63,"column":null}}},"3":{"name":"partlyChangeReviewController","decl":{"start":{"line":65,"column":22},"end":{"line":65,"column":50}},"loc":{"start":{"line":68,"column":22},"end":{"line":91,"column":null}}},"4":{"name":"deleteReviewController","decl":{"start":{"line":93,"column":22},"end":{"line":93,"column":44}},"loc":{"start":{"line":96,"column":22},"end":{"line":110,"column":null}}},"5":{"name":"getReviewDetailsController","decl":{"start":{"line":112,"column":22},"end":{"line":112,"column":48}},"loc":{"start":{"line":115,"column":22},"end":{"line":126,"column":null}}}},"branchMap":{"0":{"loc":{"start":{"line":33,"column":8},"end":{"line":35,"column":67}},"type":"cond-expr","locations":[{"start":{"line":34,"column":14},"end":{"line":34,"column":42}},{"start":{"line":35,"column":14},"end":{"line":35,"column":67}}]},"1":{"loc":{"start":{"line":74,"column":8},"end":{"line":87,"column":9}},"type":"if","locations":[{"start":{"line":74,"column":8},"end":{"line":87,"column":9}},{"start":{"line":78,"column":15},"end":{"line":87,"column":9}}]},"2":{"loc":{"start":{"line":101,"column":8},"end":{"line":106,"column":67}},"type":"cond-expr","locations":[{"start":{"line":102,"column":14},"end":{"line":105,"column":16}},{"start":{"line":106,"column":14},"end":{"line":106,"column":67}}]},"3":{"loc":{"start":{"line":120,"column":8},"end":{"line":122,"column":67}},"type":"cond-expr","locations":[{"start":{"line":121,"column":14},"end":{"line":121,"column":42}},{"start":{"line":122,"column":14},"end":{"line":122,"column":67}}]}},"s":{"0":4,"1":4,"2":4,"3":4,"4":4,"5":4,"6":4,"7":1,"8":1,"9":1,"10":0,"11":2,"12":2,"13":2,"14":2,"15":0,"16":1,"17":1,"18":1,"19":1,"20":1,"21":0,"22":1,"23":1,"24":1,"25":1,"26":0,"27":1,"28":1,"29":0,"30":2,"31":2,"32":2,"33":1,"34":1,"35":0,"36":0,"37":0,"38":0,"39":0},"f":{"0":1,"1":2,"2":1,"3":1,"4":2,"5":0},"b":{"0":[1,1],"1":[0,1],"2":[1,0],"3":[0,0]}}
,"/Users/dead_inside/bazyDanych/techmarket-api/src/controllers/user.controller.ts": {"path":"/Users/dead_inside/bazyDanych/techmarket-api/src/controllers/user.controller.ts","statementMap":{"0":{"start":{"line":12,"column":0},"end":{"line":12,"column":22}},"1":{"start":{"line":25,"column":0},"end":{"line":25,"column":22}},"2":{"start":{"line":41,"column":0},"end":{"line":41,"column":22}},"3":{"start":{"line":66,"column":0},"end":{"line":66,"column":22}},"4":{"start":{"line":91,"column":0},"end":{"line":91,"column":22}},"5":{"start":{"line":110,"column":0},"end":{"line":110,"column":22}},"6":{"start":{"line":2,"column":0},"end":{"line":2,"column":null}},"7":{"start":{"line":17,"column":4},"end":{"line":22,"column":5}},"8":{"start":{"line":18,"column":22},"end":{"line":18,"column":41}},"9":{"start":{"line":19,"column":8},"end":{"line":19,"column":36}},"10":{"start":{"line":21,"column":8},"end":{"line":21,"column":20}},"11":{"start":{"line":30,"column":4},"end":{"line":38,"column":5}},"12":{"start":{"line":31,"column":27},"end":{"line":31,"column":37}},"13":{"start":{"line":32,"column":21},"end":{"line":32,"column":46}},"14":{"start":{"line":33,"column":8},"end":{"line":35,"column":66}},"15":{"start":{"line":37,"column":8},"end":{"line":37,"column":20}},"16":{"start":{"line":46,"column":4},"end":{"line":63,"column":5}},"17":{"start":{"line":47,"column":71},"end":{"line":47,"column":79}},"18":{"start":{"line":48,"column":42},"end":{"line":54,"column":10}},"19":{"start":{"line":56,"column":28},"end":{"line":56,"column":53}},"20":{"start":{"line":57,"column":8},"end":{"line":60,"column":11}},"21":{"start":{"line":62,"column":8},"end":{"line":62,"column":20}},"22":{"start":{"line":71,"column":4},"end":{"line":88,"column":5}},"23":{"start":{"line":72,"column":27},"end":{"line":72,"column":37}},"24":{"start":{"line":73,"column":27},"end":{"line":73,"column":35}},"25":{"start":{"line":75,"column":8},"end":{"line":85,"column":9}},"26":{"start":{"line":76,"column":12},"end":{"line":78,"column":15}},"27":{"start":{"line":80,"column":32},"end":{"line":80,"column":74}},"28":{"start":{"line":81,"column":12},"end":{"line":84,"column":15}},"29":{"start":{"line":87,"column":8},"end":{"line":87,"column":20}},"30":{"start":{"line":96,"column":4},"end":{"line":107,"column":5}},"31":{"start":{"line":97,"column":27},"end":{"line":97,"column":37}},"32":{"start":{"line":98,"column":28},"end":{"line":98,"column":52}},"33":{"start":{"line":99,"column":8},"end":{"line":104,"column":66}},"34":{"start":{"line":106,"column":8},"end":{"line":106,"column":20}},"35":{"start":{"line":115,"column":4},"end":{"line":123,"column":5}},"36":{"start":{"line":116,"column":27},"end":{"line":116,"column":37}},"37":{"start":{"line":117,"column":21},"end":{"line":117,"column":55}},"38":{"start":{"line":118,"column":8},"end":{"line":120,"column":66}},"39":{"start":{"line":122,"column":8},"end":{"line":122,"column":20}}},"fnMap":{"0":{"name":"getAllUsersController","decl":{"start":{"line":12,"column":22},"end":{"line":12,"column":43}},"loc":{"start":{"line":15,"column":22},"end":{"line":23,"column":null}}},"1":{"name":"getUserByIdController","decl":{"start":{"line":25,"column":22},"end":{"line":25,"column":43}},"loc":{"start":{"line":28,"column":22},"end":{"line":39,"column":null}}},"2":{"name":"createUserController","decl":{"start":{"line":41,"column":22},"end":{"line":41,"column":42}},"loc":{"start":{"line":44,"column":22},"end":{"line":64,"column":null}}},"3":{"name":"partlyChangeUserController","decl":{"start":{"line":66,"column":22},"end":{"line":66,"column":48}},"loc":{"start":{"line":69,"column":22},"end":{"line":89,"column":null}}},"4":{"name":"deleteUserController","decl":{"start":{"line":91,"column":22},"end":{"line":91,"column":42}},"loc":{"start":{"line":94,"column":22},"end":{"line":108,"column":null}}},"5":{"name":"getUserDetailsController","decl":{"start":{"line":110,"column":22},"end":{"line":110,"column":46}},"loc":{"start":{"line":113,"column":22},"end":{"line":124,"column":null}}}},"branchMap":{"0":{"loc":{"start":{"line":33,"column":8},"end":{"line":35,"column":65}},"type":"cond-expr","locations":[{"start":{"line":34,"column":14},"end":{"line":34,"column":40}},{"start":{"line":35,"column":14},"end":{"line":35,"column":65}}]},"1":{"loc":{"start":{"line":75,"column":8},"end":{"line":85,"column":9}},"type":"if","locations":[{"start":{"line":75,"column":8},"end":{"line":85,"column":9}},{"start":{"line":79,"column":15},"end":{"line":85,"column":9}}]},"2":{"loc":{"start":{"line":99,"column":8},"end":{"line":104,"column":65}},"type":"cond-expr","locations":[{"start":{"line":100,"column":14},"end":{"line":103,"column":16}},{"start":{"line":104,"column":14},"end":{"line":104,"column":65}}]},"3":{"loc":{"start":{"line":118,"column":8},"end":{"line":120,"column":65}},"type":"cond-expr","locations":[{"start":{"line":119,"column":14},"end":{"line":119,"column":40}},{"start":{"line":120,"column":14},"end":{"line":120,"column":65}}]}},"s":{"0":4,"1":4,"2":4,"3":4,"4":4,"5":4,"6":4,"7":1,"8":1,"9":1,"10":0,"11":2,"12":2,"13":2,"14":2,"15":0,"16":1,"17":1,"18":1,"19":1,"20":1,"21":0,"22":1,"23":1,"24":1,"25":1,"26":0,"27":1,"28":1,"29":0,"30":2,"31":2,"32":2,"33":1,"34":1,"35":0,"36":0,"37":0,"38":0,"39":0},"f":{"0":1,"1":2,"2":1,"3":1,"4":2,"5":0},"b":{"0":[1,1],"1":[0,1],"2":[1,0],"3":[0,0]}}
,"/Users/dead_inside/bazyDanych/techmarket-api/src/middleware/errorHandler.ts": {"path":"/Users/dead_inside/bazyDanych/techmarket-api/src/middleware/errorHandler.ts","statementMap":{"0":{"start":{"line":3,"column":0},"end":{"line":3,"column":16}},"1":{"start":{"line":9,"column":4},"end":{"line":9,"column":29}},"2":{"start":{"line":11,"column":4},"end":{"line":17,"column":5}},"3":{"start":{"line":16,"column":8},"end":{"line":16,"column":55}},"4":{"start":{"line":19,"column":4},"end":{"line":42,"column":5}},"5":{"start":{"line":20,"column":8},"end":{"line":39,"column":9}},"6":{"start":{"line":21,"column":12},"end":{"line":24,"column":15}},"7":{"start":{"line":25,"column":15},"end":{"line":39,"column":9}},"8":{"start":{"line":26,"column":12},"end":{"line":29,"column":15}},"9":{"start":{"line":30,"column":15},"end":{"line":39,"column":9}},"10":{"start":{"line":31,"column":12},"end":{"line":34,"column":15}},"11":{"start":{"line":35,"column":15},"end":{"line":39,"column":9}},"12":{"start":{"line":36,"column":12},"end":{"line":36,"column":66}},"13":{"start":{"line":38,"column":12},"end":{"line":38,"column":63}},"14":{"start":{"line":41,"column":8},"end":{"line":41,"column":67}}},"fnMap":{"0":{"name":"middlewareForError","decl":{"start":{"line":3,"column":16},"end":{"line":3,"column":34}},"loc":{"start":{"line":7,"column":23},"end":{"line":43,"column":1}}}},"branchMap":{"0":{"loc":{"start":{"line":11,"column":4},"end":{"line":17,"column":5}},"type":"if","locations":[{"start":{"line":11,"column":4},"end":{"line":17,"column":5}}]},"1":{"loc":{"start":{"line":12,"column":8},"end":{"line":14,"column":46}},"type":"binary-expr","locations":[{"start":{"line":12,"column":8},"end":{"line":12,"column":19}},{"start":{"line":13,"column":9},"end":{"line":13,"column":49}},{"start":{"line":14,"column":12},"end":{"line":14,"column":45}}]},"2":{"loc":{"start":{"line":19,"column":4},"end":{"line":42,"column":5}},"type":"if","locations":[{"start":{"line":19,"column":4},"end":{"line":42,"column":5}},{"start":{"line":40,"column":11},"end":{"line":42,"column":5}}]},"3":{"loc":{"start":{"line":20,"column":8},"end":{"line":39,"column":9}},"type":"if","locations":[{"start":{"line":20,"column":8},"end":{"line":39,"column":9}},{"start":{"line":25,"column":15},"end":{"line":39,"column":9}}]},"4":{"loc":{"start":{"line":25,"column":15},"end":{"line":39,"column":9}},"type":"if","locations":[{"start":{"line":25,"column":15},"end":{"line":39,"column":9}},{"start":{"line":30,"column":15},"end":{"line":39,"column":9}}]},"5":{"loc":{"start":{"line":30,"column":15},"end":{"line":39,"column":9}},"type":"if","locations":[{"start":{"line":30,"column":15},"end":{"line":39,"column":9}},{"start":{"line":35,"column":15},"end":{"line":39,"column":9}}]},"6":{"loc":{"start":{"line":35,"column":15},"end":{"line":39,"column":9}},"type":"if","locations":[{"start":{"line":35,"column":15},"end":{"line":39,"column":9}},{"start":{"line":37,"column":15},"end":{"line":39,"column":9}}]}},"s":{"0":4,"1":4,"2":4,"3":4,"4":4,"5":0,"6":0,"7":0,"8":0,"9":0,"10":0,"11":0,"12":0,"13":0,"14":4},"f":{"0":4},"b":{"0":[4],"1":[4,4,2],"2":[0,4],"3":[0,0],"4":[0,0],"5":[0,0],"6":[0,0]}}
,"/Users/dead_inside/bazyDanych/techmarket-api/src/models/category.model.ts": {"path":"/Users/dead_inside/bazyDanych/techmarket-api/src/models/category.model.ts","statementMap":{"0":{"start":{"line":10,"column":0},"end":{"line":10,"column":22}},"1":{"start":{"line":15,"column":0},"end":{"line":15,"column":22}},"2":{"start":{"line":22,"column":0},"end":{"line":22,"column":22}},"3":{"start":{"line":39,"column":0},"end":{"line":39,"column":22}},"4":{"start":{"line":52,"column":0},"end":{"line":52,"column":22}},"5":{"start":{"line":59,"column":0},"end":{"line":59,"column":22}},"6":{"start":{"line":2,"column":0},"end":{"line":2,"column":44}},"7":{"start":{"line":11,"column":19},"end":{"line":11,"column":53}},"8":{"start":{"line":12,"column":4},"end":{"line":12,"column":18}},"9":{"start":{"line":16,"column":19},"end":{"line":18,"column":6}},"10":{"start":{"line":19,"column":4},"end":{"line":19,"column":18}},"11":{"start":{"line":26,"column":4},"end":{"line":36,"column":5}},"12":{"start":{"line":27,"column":8},"end":{"line":27,"column":57}},"13":{"start":{"line":29,"column":23},"end":{"line":34,"column":10}},"14":{"start":{"line":35,"column":8},"end":{"line":35,"column":22}},"15":{"start":{"line":40,"column":34},"end":{"line":40,"column":42}},"16":{"start":{"line":42,"column":19},"end":{"line":47,"column":6}},"17":{"start":{"line":49,"column":4},"end":{"line":49,"column":18}},"18":{"start":{"line":53,"column":19},"end":{"line":55,"column":6}},"19":{"start":{"line":56,"column":4},"end":{"line":56,"column":18}},"20":{"start":{"line":60,"column":21},"end":{"line":63,"column":6}},"21":{"start":{"line":64,"column":4},"end":{"line":64,"column":20}}},"fnMap":{"0":{"name":"getAllCategories","decl":{"start":{"line":10,"column":22},"end":{"line":10,"column":38}},"loc":{"start":{"line":10,"column":38},"end":{"line":13,"column":null}}},"1":{"name":"getCategoryById","decl":{"start":{"line":15,"column":22},"end":{"line":15,"column":37}},"loc":{"start":{"line":15,"column":48},"end":{"line":20,"column":null}}},"2":{"name":"partlyChangeCategory","decl":{"start":{"line":22,"column":22},"end":{"line":22,"column":42}},"loc":{"start":{"line":24,"column":68},"end":{"line":37,"column":null}}},"3":{"name":"createCategory","decl":{"start":{"line":39,"column":22},"end":{"line":39,"column":36}},"loc":{"start":{"line":39,"column":67},"end":{"line":50,"column":null}}},"4":{"name":"deleteCategory","decl":{"start":{"line":52,"column":22},"end":{"line":52,"column":36}},"loc":{"start":{"line":52,"column":47},"end":{"line":57,"column":null}}},"5":{"name":"getCategoryWithRelations","decl":{"start":{"line":59,"column":22},"end":{"line":59,"column":46}},"loc":{"start":{"line":59,"column":57},"end":{"line":65,"column":null}}}},"branchMap":{"0":{"loc":{"start":{"line":26,"column":4},"end":{"line":36,"column":5}},"type":"if","locations":[{"start":{"line":26,"column":4},"end":{"line":36,"column":5}},{"start":{"line":28,"column":11},"end":{"line":36,"column":5}}]}},"s":{"0":4,"1":4,"2":4,"3":4,"4":4,"5":4,"6":4,"7":1,"8":1,"9":2,"10":2,"11":1,"12":0,"13":1,"14":1,"15":1,"16":1,"17":1,"18":2,"19":1,"20":0,"21":0},"f":{"0":1,"1":2,"2":1,"3":1,"4":2,"5":0},"b":{"0":[0,1]}}
,"/Users/dead_inside/bazyDanych/techmarket-api/src/models/product.model.ts": {"path":"/Users/dead_inside/bazyDanych/techmarket-api/src/models/product.model.ts","statementMap":{"0":{"start":{"line":19,"column":0},"end":{"line":19,"column":22}},"1":{"start":{"line":24,"column":0},"end":{"line":24,"column":22}},"2":{"start":{"line":31,"column":0},"end":{"line":31,"column":22}},"3":{"start":{"line":61,"column":0},"end":{"line":61,"column":22}},"4":{"start":{"line":78,"column":0},"end":{"line":78,"column":22}},"5":{"start":{"line":88,"column":0},"end":{"line":88,"column":22}},"6":{"start":{"line":110,"column":0},"end":{"line":110,"column":22}},"7":{"start":{"line":4,"column":0},"end":{"line":4,"column":44}},"8":{"start":{"line":20,"column":21},"end":{"line":20,"column":52}},"9":{"start":{"line":21,"column":4},"end":{"line":21,"column":20}},"10":{"start":{"line":25,"column":20},"end":{"line":27,"column":6}},"11":{"start":{"line":28,"column":4},"end":{"line":28,"column":19}},"12":{"start":{"line":43,"column":8},"end":{"line":43,"column":15}},"13":{"start":{"line":45,"column":19},"end":{"line":56,"column":6}},"14":{"start":{"line":58,"column":4},"end":{"line":58,"column":18}},"15":{"start":{"line":65,"column":4},"end":{"line":75,"column":5}},"16":{"start":{"line":66,"column":8},"end":{"line":66,"column":57}},"17":{"start":{"line":68,"column":23},"end":{"line":73,"column":10}},"18":{"start":{"line":74,"column":8},"end":{"line":74,"column":22}},"19":{"start":{"line":79,"column":19},"end":{"line":83,"column":6}},"20":{"start":{"line":85,"column":4},"end":{"line":85,"column":18}},"21":{"start":{"line":92,"column":46},"end":{"line":92,"column":48}},"22":{"start":{"line":94,"column":4},"end":{"line":98,"column":5}},"23":{"start":{"line":95,"column":8},"end":{"line":97,"column":10}},"24":{"start":{"line":100,"column":4},"end":{"line":104,"column":5}},"25":{"start":{"line":101,"column":8},"end":{"line":103,"column":10}},"26":{"start":{"line":106,"column":19},"end":{"line":106,"column":55}},"27":{"start":{"line":107,"column":4},"end":{"line":107,"column":18}},"28":{"start":{"line":111,"column":20},"end":{"line":119,"column":6}},"29":{"start":{"line":120,"column":4},"end":{"line":120,"column":19}}},"fnMap":{"0":{"name":"getAllProducts","decl":{"start":{"line":19,"column":22},"end":{"line":19,"column":36}},"loc":{"start":{"line":19,"column":36},"end":{"line":22,"column":null}}},"1":{"name":"getProductById","decl":{"start":{"line":24,"column":22},"end":{"line":24,"column":36}},"loc":{"start":{"line":24,"column":47},"end":{"line":29,"column":null}}},"2":{"name":"createProduct","decl":{"start":{"line":31,"column":22},"end":{"line":31,"column":35}},"loc":{"start":{"line":32,"column":46},"end":{"line":59,"column":null}}},"3":{"name":"updateProductPartly","decl":{"start":{"line":61,"column":22},"end":{"line":61,"column":41}},"loc":{"start":{"line":63,"column":72},"end":{"line":76,"column":null}}},"4":{"name":"deleteProduct","decl":{"start":{"line":78,"column":22},"end":{"line":78,"column":35}},"loc":{"start":{"line":78,"column":46},"end":{"line":86,"column":null}}},"5":{"name":"searchProducts","decl":{"start":{"line":88,"column":22},"end":{"line":88,"column":36}},"loc":{"start":{"line":91,"column":1},"end":{"line":108,"column":null}}},"6":{"name":"getProductWithRelations","decl":{"start":{"line":110,"column":22},"end":{"line":110,"column":45}},"loc":{"start":{"line":110,"column":56},"end":{"line":121,"column":null}}}},"branchMap":{"0":{"loc":{"start":{"line":65,"column":4},"end":{"line":75,"column":5}},"type":"if","locations":[{"start":{"line":65,"column":4},"end":{"line":75,"column":5}},{"start":{"line":67,"column":11},"end":{"line":75,"column":5}}]},"1":{"loc":{"start":{"line":94,"column":4},"end":{"line":98,"column":5}},"type":"if","locations":[{"start":{"line":94,"column":4},"end":{"line":98,"column":5}}]},"2":{"loc":{"start":{"line":100,"column":4},"end":{"line":104,"column":5}},"type":"if","locations":[{"start":{"line":100,"column":4},"end":{"line":104,"column":5}}]}},"s":{"0":4,"1":4,"2":4,"3":4,"4":4,"5":4,"6":4,"7":4,"8":1,"9":1,"10":2,"11":2,"12":1,"13":1,"14":1,"15":1,"16":0,"17":1,"18":1,"19":2,"20":1,"21":0,"22":0,"23":0,"24":0,"25":0,"26":0,"27":0,"28":0,"29":0},"f":{"0":1,"1":2,"2":1,"3":1,"4":2,"5":0,"6":0},"b":{"0":[0,1],"1":[0],"2":[0]}}
,"/Users/dead_inside/bazyDanych/techmarket-api/src/models/review.model.ts": {"path":"/Users/dead_inside/bazyDanych/techmarket-api/src/models/review.model.ts","statementMap":{"0":{"start":{"line":12,"column":0},"end":{"line":12,"column":22}},"1":{"start":{"line":17,"column":0},"end":{"line":17,"column":22}},"2":{"start":{"line":24,"column":0},"end":{"line":24,"column":22}},"3":{"start":{"line":37,"column":0},"end":{"line":37,"column":22}},"4":{"start":{"line":51,"column":0},"end":{"line":51,"column":22}},"5":{"start":{"line":58,"column":0},"end":{"line":58,"column":22}},"6":{"start":{"line":2,"column":0},"end":{"line":2,"column":44}},"7":{"start":{"line":13,"column":20},"end":{"line":13,"column":50}},"8":{"start":{"line":14,"column":4},"end":{"line":14,"column":19}},"9":{"start":{"line":18,"column":19},"end":{"line":20,"column":6}},"10":{"start":{"line":21,"column":4},"end":{"line":21,"column":18}},"11":{"start":{"line":25,"column":51},"end":{"line":25,"column":57}},"12":{"start":{"line":26,"column":19},"end":{"line":33,"column":6}},"13":{"start":{"line":34,"column":4},"end":{"line":34,"column":18}},"14":{"start":{"line":41,"column":4},"end":{"line":43,"column":5}},"15":{"start":{"line":42,"column":8},"end":{"line":42,"column":57}},"16":{"start":{"line":44,"column":19},"end":{"line":47,"column":6}},"17":{"start":{"line":48,"column":4},"end":{"line":48,"column":18}},"18":{"start":{"line":52,"column":19},"end":{"line":54,"column":6}},"19":{"start":{"line":55,"column":4},"end":{"line":55,"column":18}},"20":{"start":{"line":59,"column":19},"end":{"line":62,"column":6}},"21":{"start":{"line":63,"column":4},"end":{"line":63,"column":18}}},"fnMap":{"0":{"name":"getAllReviews","decl":{"start":{"line":12,"column":22},"end":{"line":12,"column":35}},"loc":{"start":{"line":12,"column":35},"end":{"line":15,"column":null}}},"1":{"name":"getReviewById","decl":{"start":{"line":17,"column":22},"end":{"line":17,"column":35}},"loc":{"start":{"line":17,"column":46},"end":{"line":22,"column":null}}},"2":{"name":"createReview","decl":{"start":{"line":24,"column":22},"end":{"line":24,"column":34}},"loc":{"start":{"line":24,"column":61},"end":{"line":35,"column":null}}},"3":{"name":"partlyChangeReview","decl":{"start":{"line":37,"column":22},"end":{"line":37,"column":40}},"loc":{"start":{"line":39,"column":64},"end":{"line":49,"column":null}}},"4":{"name":"deleteReview","decl":{"start":{"line":51,"column":22},"end":{"line":51,"column":34}},"loc":{"start":{"line":51,"column":45},"end":{"line":56,"column":null}}},"5":{"name":"getReviewWithRelations","decl":{"start":{"line":58,"column":22},"end":{"line":58,"column":44}},"loc":{"start":{"line":58,"column":55},"end":{"line":64,"column":null}}}},"branchMap":{"0":{"loc":{"start":{"line":41,"column":4},"end":{"line":43,"column":5}},"type":"if","locations":[{"start":{"line":41,"column":4},"end":{"line":43,"column":5}}]}},"s":{"0":4,"1":4,"2":4,"3":4,"4":4,"5":4,"6":4,"7":1,"8":1,"9":2,"10":2,"11":1,"12":1,"13":1,"14":1,"15":0,"16":1,"17":1,"18":2,"19":1,"20":0,"21":0},"f":{"0":1,"1":2,"2":1,"3":1,"4":2,"5":0},"b":{"0":[0]}}
,"/Users/dead_inside/bazyDanych/techmarket-api/src/models/user.model.ts": {"path":"/Users/dead_inside/bazyDanych/techmarket-api/src/models/user.model.ts","statementMap":{"0":{"start":{"line":13,"column":0},"end":{"line":13,"column":22}},"1":{"start":{"line":18,"column":0},"end":{"line":18,"column":22}},"2":{"start":{"line":25,"column":0},"end":{"line":25,"column":22}},"3":{"start":{"line":39,"column":0},"end":{"line":39,"column":22}},"4":{"start":{"line":53,"column":0},"end":{"line":53,"column":22}},"5":{"start":{"line":60,"column":0},"end":{"line":60,"column":22}},"6":{"start":{"line":2,"column":0},"end":{"line":2,"column":44}},"7":{"start":{"line":14,"column":18},"end":{"line":14,"column":46}},"8":{"start":{"line":15,"column":4},"end":{"line":15,"column":17}},"9":{"start":{"line":19,"column":17},"end":{"line":21,"column":6}},"10":{"start":{"line":22,"column":4},"end":{"line":22,"column":16}},"11":{"start":{"line":26,"column":67},"end":{"line":26,"column":71}},"12":{"start":{"line":27,"column":19},"end":{"line":35,"column":6}},"13":{"start":{"line":36,"column":4},"end":{"line":36,"column":18}},"14":{"start":{"line":43,"column":4},"end":{"line":45,"column":5}},"15":{"start":{"line":44,"column":8},"end":{"line":44,"column":57}},"16":{"start":{"line":46,"column":19},"end":{"line":49,"column":6}},"17":{"start":{"line":50,"column":4},"end":{"line":50,"column":18}},"18":{"start":{"line":54,"column":19},"end":{"line":56,"column":6}},"19":{"start":{"line":57,"column":4},"end":{"line":57,"column":18}},"20":{"start":{"line":61,"column":17},"end":{"line":64,"column":6}},"21":{"start":{"line":65,"column":4},"end":{"line":65,"column":16}}},"fnMap":{"0":{"name":"getAllUsers","decl":{"start":{"line":13,"column":22},"end":{"line":13,"column":33}},"loc":{"start":{"line":13,"column":33},"end":{"line":16,"column":null}}},"1":{"name":"getUserById","decl":{"start":{"line":18,"column":22},"end":{"line":18,"column":33}},"loc":{"start":{"line":18,"column":44},"end":{"line":23,"column":null}}},"2":{"name":"createUser","decl":{"start":{"line":25,"column":22},"end":{"line":25,"column":32}},"loc":{"start":{"line":25,"column":55},"end":{"line":37,"column":null}}},"3":{"name":"partlyChangeUser","decl":{"start":{"line":39,"column":22},"end":{"line":39,"column":38}},"loc":{"start":{"line":41,"column":60},"end":{"line":51,"column":null}}},"4":{"name":"deleteUser","decl":{"start":{"line":53,"column":22},"end":{"line":53,"column":32}},"loc":{"start":{"line":53,"column":43},"end":{"line":58,"column":null}}},"5":{"name":"getUserWithRelations","decl":{"start":{"line":60,"column":22},"end":{"line":60,"column":42}},"loc":{"start":{"line":60,"column":53},"end":{"line":66,"column":null}}}},"branchMap":{"0":{"loc":{"start":{"line":43,"column":4},"end":{"line":45,"column":5}},"type":"if","locations":[{"start":{"line":43,"column":4},"end":{"line":45,"column":5}}]}},"s":{"0":4,"1":4,"2":4,"3":4,"4":4,"5":4,"6":4,"7":1,"8":1,"9":2,"10":2,"11":1,"12":1,"13":1,"14":1,"15":0,"16":1,"17":1,"18":2,"19":1,"20":0,"21":0},"f":{"0":1,"1":2,"2":1,"3":1,"4":2,"5":0},"b":{"0":[0]}}
,"/Users/dead_inside/bazyDanych/techmarket-api/src/routes/category.route.ts": {"path":"/Users/dead_inside/bazyDanych/techmarket-api/src/routes/category.route.ts","statementMap":{"0":{"start":{"line":1,"column":0},"end":{"line":1,"column":33}},"1":{"start":{"line":2,"column":0},"end":{"line":2,"column":null}},"2":{"start":{"line":11,"column":15},"end":{"line":11,"column":23}},"3":{"start":{"line":13,"column":0},"end":{"line":13,"column":44}},"4":{"start":{"line":14,"column":0},"end":{"line":14,"column":54}},"5":{"start":{"line":15,"column":0},"end":{"line":15,"column":65}},"6":{"start":{"line":16,"column":0},"end":{"line":16,"column":43}},"7":{"start":{"line":17,"column":0},"end":{"line":17,"column":61}},"8":{"start":{"line":18,"column":0},"end":{"line":18,"column":56}},"9":{"start":{"line":20,"column":0},"end":{"line":20,"column":22}}},"fnMap":{},"branchMap":{},"s":{"0":4,"1":4,"2":4,"3":4,"4":4,"5":4,"6":4,"7":4,"8":4,"9":4},"f":{},"b":{}}
,"/Users/dead_inside/bazyDanych/techmarket-api/src/routes/product.route.ts": {"path":"/Users/dead_inside/bazyDanych/techmarket-api/src/routes/product.route.ts","statementMap":{"0":{"start":{"line":1,"column":0},"end":{"line":1,"column":33}},"1":{"start":{"line":2,"column":0},"end":{"line":2,"column":null}},"2":{"start":{"line":11,"column":15},"end":{"line":11,"column":23}},"3":{"start":{"line":13,"column":0},"end":{"line":13,"column":42}},"4":{"start":{"line":14,"column":0},"end":{"line":14,"column":52}},"5":{"start":{"line":15,"column":0},"end":{"line":15,"column":63}},"6":{"start":{"line":16,"column":0},"end":{"line":16,"column":42}},"7":{"start":{"line":17,"column":0},"end":{"line":17,"column":59}},"8":{"start":{"line":18,"column":0},"end":{"line":18,"column":54}},"9":{"start":{"line":20,"column":0},"end":{"line":20,"column":22}}},"fnMap":{},"branchMap":{},"s":{"0":4,"1":4,"2":4,"3":4,"4":4,"5":4,"6":4,"7":4,"8":4,"9":4},"f":{},"b":{}}
,"/Users/dead_inside/bazyDanych/techmarket-api/src/routes/review.route.ts": {"path":"/Users/dead_inside/bazyDanych/techmarket-api/src/routes/review.route.ts","statementMap":{"0":{"start":{"line":1,"column":0},"end":{"line":1,"column":33}},"1":{"start":{"line":2,"column":0},"end":{"line":2,"column":null}},"2":{"start":{"line":11,"column":15},"end":{"line":11,"column":23}},"3":{"start":{"line":13,"column":0},"end":{"line":13,"column":41}},"4":{"start":{"line":14,"column":0},"end":{"line":14,"column":50}},"5":{"start":{"line":15,"column":0},"end":{"line":15,"column":61}},"6":{"start":{"line":16,"column":0},"end":{"line":16,"column":41}},"7":{"start":{"line":17,"column":0},"end":{"line":17,"column":57}},"8":{"start":{"line":18,"column":0},"end":{"line":18,"column":52}},"9":{"start":{"line":20,"column":0},"end":{"line":20,"column":22}}},"fnMap":{},"branchMap":{},"s":{"0":4,"1":4,"2":4,"3":4,"4":4,"5":4,"6":4,"7":4,"8":4,"9":4},"f":{},"b":{}}
,"/Users/dead_inside/bazyDanych/techmarket-api/src/routes/user.route.ts": {"path":"/Users/dead_inside/bazyDanych/techmarket-api/src/routes/user.route.ts","statementMap":{"0":{"start":{"line":1,"column":0},"end":{"line":1,"column":33}},"1":{"start":{"line":2,"column":0},"end":{"line":2,"column":null}},"2":{"start":{"line":11,"column":15},"end":{"line":11,"column":23}},"3":{"start":{"line":13,"column":0},"end":{"line":13,"column":39}},"4":{"start":{"line":14,"column":0},"end":{"line":14,"column":46}},"5":{"start":{"line":15,"column":0},"end":{"line":15,"column":57}},"6":{"start":{"line":16,"column":0},"end":{"line":16,"column":39}},"7":{"start":{"line":17,"column":0},"end":{"line":17,"column":53}},"8":{"start":{"line":18,"column":0},"end":{"line":18,"column":48}},"9":{"start":{"line":20,"column":0},"end":{"line":20,"column":22}}},"fnMap":{},"branchMap":{},"s":{"0":4,"1":4,"2":4,"3":4,"4":4,"5":4,"6":4,"7":4,"8":4,"9":4},"f":{},"b":{}}
}
