{"/Users/dead_inside/bazyDanych/techmarket-api/src/server.ts": {"path":"/Users/dead_inside/bazyDanych/techmarket-api/src/server.ts","statementMap":{"0":{"start":{"line":1,"column":0},"end":{"line":1,"column":23}},"1":{"start":{"line":2,"column":0},"end":{"line":2,"column":30}},"2":{"start":{"line":3,"column":0},"end":{"line":3,"column":24}},"3":{"start":{"line":4,"column":0},"end":{"line":4,"column":28}},"4":{"start":{"line":6,"column":0},"end":{"line":6,"column":52}},"5":{"start":{"line":7,"column":0},"end":{"line":7,"column":50}},"6":{"start":{"line":8,"column":0},"end":{"line":8,"column":46}},"7":{"start":{"line":10,"column":0},"end":{"line":10,"column":63}},"8":{"start":{"line":11,"column":0},"end":{"line":11,"column":64}},"9":{"start":{"line":13,"column":13},"end":{"line":13,"column":37}},"10":{"start":{"line":15,"column":12},"end":{"line":15,"column":21}},"11":{"start":{"line":17,"column":0},"end":{"line":17,"column":24}},"12":{"start":{"line":18,"column":0},"end":{"line":18,"column":65}},"13":{"start":{"line":19,"column":0},"end":{"line":19,"column":23}},"14":{"start":{"line":21,"column":0},"end":{"line":38,"column":7}},"15":{"start":{"line":23,"column":8},"end":{"line":23,"column":45}},"16":{"start":{"line":24,"column":8},"end":{"line":24,"column":43}},"17":{"start":{"line":25,"column":8},"end":{"line":25,"column":39}},"18":{"start":{"line":27,"column":8},"end":{"line":27,"column":36}},"19":{"start":{"line":29,"column":8},"end":{"line":33,"column":9}},"20":{"start":{"line":30,"column":12},"end":{"line":32,"column":15}},"21":{"start":{"line":31,"column":16},"end":{"line":31,"column":66}},"22":{"start":{"line":36,"column":8},"end":{"line":36,"column":59}},"23":{"start":{"line":37,"column":8},"end":{"line":37,"column":23}},"24":{"start":{"line":40,"column":0},"end":{"line":40,"column":19}}},"fnMap":{"0":{"name":"(anonymous_1)","decl":{"start":{"line":22,"column":10},"end":{"line":22,"column":13}},"loc":{"start":{"line":22,"column":15},"end":{"line":34,"column":5}}},"1":{"name":"(anonymous_2)","decl":{"start":{"line":30,"column":29},"end":{"line":30,"column":32}},"loc":{"start":{"line":30,"column":34},"end":{"line":32,"column":13}}},"2":{"name":"(anonymous_3)","decl":{"start":{"line":35,"column":11},"end":{"line":35,"column":12}},"loc":{"start":{"line":35,"column":28},"end":{"line":38,"column":5}}}},"branchMap":{"0":{"loc":{"start":{"line":13,"column":13},"end":{"line":13,"column":37}},"type":"binary-expr","locations":[{"start":{"line":13,"column":13},"end":{"line":13,"column":29}},{"start":{"line":13,"column":33},"end":{"line":13,"column":37}}]},"1":{"loc":{"start":{"line":29,"column":8},"end":{"line":33,"column":9}},"type":"if","locations":[{"start":{"line":29,"column":8},"end":{"line":33,"column":9}}]}},"s":{"0":3,"1":3,"2":3,"3":3,"4":3,"5":3,"6":3,"7":3,"8":3,"9":3,"10":3,"11":3,"12":3,"13":3,"14":3,"15":3,"16":3,"17":3,"18":3,"19":3,"20":0,"21":0,"22":0,"23":0,"24":3},"f":{"0":3,"1":0,"2":0},"b":{"0":[3,0],"1":[0]}}
,"/Users/dead_inside/bazyDanych/techmarket-api/src/controllers/product.controller.ts": {"path":"/Users/dead_inside/bazyDanych/techmarket-api/src/controllers/product.controller.ts","statementMap":{"0":{"start":{"line":13,"column":0},"end":{"line":13,"column":22}},"1":{"start":{"line":43,"column":0},"end":{"line":43,"column":22}},"2":{"start":{"line":61,"column":0},"end":{"line":61,"column":22}},"3":{"start":{"line":100,"column":0},"end":{"line":100,"column":22}},"4":{"start":{"line":161,"column":0},"end":{"line":161,"column":22}},"5":{"start":{"line":185,"column":0},"end":{"line":185,"column":22}},"6":{"start":{"line":2,"column":0},"end":{"line":2,"column":null}},"7":{"start":{"line":18,"column":4},"end":{"line":40,"column":5}},"8":{"start":{"line":19,"column":45},"end":{"line":19,"column":54}},"9":{"start":{"line":21,"column":8},"end":{"line":37,"column":9}},"10":{"start":{"line":23,"column":12},"end":{"line":26,"column":13}},"11":{"start":{"line":24,"column":16},"end":{"line":25,"column":67}},"12":{"start":{"line":24,"column":43},"end":{"line":24,"column":60}},"13":{"start":{"line":25,"column":21},"end":{"line":25,"column":67}},"14":{"start":{"line":25,"column":49},"end":{"line":25,"column":67}},"15":{"start":{"line":28,"column":29},"end":{"line":31,"column":14}},"16":{"start":{"line":33,"column":12},"end":{"line":33,"column":43}},"17":{"start":{"line":35,"column":32},"end":{"line":35,"column":54}},"18":{"start":{"line":36,"column":12},"end":{"line":36,"column":46}},"19":{"start":{"line":39,"column":8},"end":{"line":39,"column":20}},"20":{"start":{"line":48,"column":4},"end":{"line":58,"column":5}},"21":{"start":{"line":49,"column":30},"end":{"line":49,"column":40}},"22":{"start":{"line":50,"column":23},"end":{"line":50,"column":54}},"23":{"start":{"line":51,"column":8},"end":{"line":55,"column":80}},"24":{"start":{"line":57,"column":8},"end":{"line":57,"column":20}},"25":{"start":{"line":66,"column":4},"end":{"line":97,"column":5}},"26":{"start":{"line":76,"column":12},"end":{"line":76,"column":20}},"27":{"start":{"line":78,"column":62},"end":{"line":87,"column":10}},"28":{"start":{"line":89,"column":23},"end":{"line":89,"column":54}},"29":{"start":{"line":91,"column":8},"end":{"line":94,"column":11}},"30":{"start":{"line":96,"column":8},"end":{"line":96,"column":20}},"31":{"start":{"line":105,"column":4},"end":{"line":158,"column":5}},"32":{"start":{"line":106,"column":30},"end":{"line":106,"column":40}},"33":{"start":{"line":108,"column":76},"end":{"line":117,"column":10}},"34":{"start":{"line":119,"column":74},"end":{"line":119,"column":76}},"35":{"start":{"line":121,"column":8},"end":{"line":133,"column":11}},"36":{"start":{"line":122,"column":12},"end":{"line":132,"column":13}},"37":{"start":{"line":123,"column":16},"end":{"line":131,"column":17}},"38":{"start":{"line":124,"column":20},"end":{"line":124,"column":68}},"39":{"start":{"line":125,"column":23},"end":{"line":131,"column":17}},"40":{"start":{"line":126,"column":20},"end":{"line":126,"column":76}},"41":{"start":{"line":127,"column":23},"end":{"line":131,"column":17}},"42":{"start":{"line":128,"column":20},"end":{"line":128,"column":78}},"43":{"start":{"line":130,"column":20},"end":{"line":130,"column":58}},"44":{"start":{"line":135,"column":8},"end":{"line":155,"column":9}},"45":{"start":{"line":136,"column":12},"end":{"line":138,"column":15}},"46":{"start":{"line":140,"column":35},"end":{"line":142,"column":null}},"47":{"start":{"line":145,"column":12},"end":{"line":154,"column":13}},"48":{"start":{"line":146,"column":16},"end":{"line":148,"column":19}},"49":{"start":{"line":150,"column":16},"end":{"line":153,"column":19}},"50":{"start":{"line":157,"column":8},"end":{"line":157,"column":20}},"51":{"start":{"line":166,"column":4},"end":{"line":182,"column":5}},"52":{"start":{"line":167,"column":30},"end":{"line":167,"column":40}},"53":{"start":{"line":168,"column":31},"end":{"line":168,"column":61}},"54":{"start":{"line":170,"column":8},"end":{"line":179,"column":9}},"55":{"start":{"line":171,"column":12},"end":{"line":173,"column":15}},"56":{"start":{"line":175,"column":12},"end":{"line":178,"column":15}},"57":{"start":{"line":181,"column":8},"end":{"line":181,"column":20}},"58":{"start":{"line":190,"column":4},"end":{"line":198,"column":5}},"59":{"start":{"line":191,"column":30},"end":{"line":191,"column":40}},"60":{"start":{"line":192,"column":24},"end":{"line":192,"column":64}},"61":{"start":{"line":193,"column":8},"end":{"line":195,"column":69}},"62":{"start":{"line":197,"column":8},"end":{"line":197,"column":20}}},"fnMap":{"0":{"name":"getAllProductsController","decl":{"start":{"line":13,"column":22},"end":{"line":13,"column":46}},"loc":{"start":{"line":16,"column":22},"end":{"line":41,"column":null}}},"1":{"name":"getProductByIdController","decl":{"start":{"line":43,"column":22},"end":{"line":43,"column":46}},"loc":{"start":{"line":46,"column":22},"end":{"line":59,"column":null}}},"2":{"name":"createProductController","decl":{"start":{"line":61,"column":22},"end":{"line":61,"column":45}},"loc":{"start":{"line":64,"column":22},"end":{"line":98,"column":null}}},"3":{"name":"partlyChangeProductController","decl":{"start":{"line":100,"column":22},"end":{"line":100,"column":51}},"loc":{"start":{"line":103,"column":22},"end":{"line":159,"column":null}}},"4":{"name":"(anonymous_15)","decl":{"start":{"line":121,"column":30},"end":{"line":121,"column":31}},"loc":{"start":{"line":121,"column":40},"end":{"line":133,"column":9}}},"5":{"name":"deleteProductController","decl":{"start":{"line":161,"column":22},"end":{"line":161,"column":45}},"loc":{"start":{"line":164,"column":22},"end":{"line":183,"column":null}}},"6":{"name":"getProductDetailsController","decl":{"start":{"line":185,"column":22},"end":{"line":185,"column":49}},"loc":{"start":{"line":188,"column":22},"end":{"line":199,"column":null}}}},"branchMap":{"0":{"loc":{"start":{"line":21,"column":8},"end":{"line":37,"column":9}},"type":"if","locations":[{"start":{"line":21,"column":8},"end":{"line":37,"column":9}},{"start":{"line":34,"column":15},"end":{"line":37,"column":9}}]},"1":{"loc":{"start":{"line":21,"column":12},"end":{"line":21,"column":52}},"type":"binary-expr","locations":[{"start":{"line":21,"column":12},"end":{"line":21,"column":23}},{"start":{"line":21,"column":27},"end":{"line":21,"column":52}}]},"2":{"loc":{"start":{"line":23,"column":12},"end":{"line":26,"column":13}},"type":"if","locations":[{"start":{"line":23,"column":12},"end":{"line":26,"column":13}}]},"3":{"loc":{"start":{"line":24,"column":16},"end":{"line":25,"column":67}},"type":"if","locations":[{"start":{"line":24,"column":16},"end":{"line":25,"column":67}},{"start":{"line":25,"column":21},"end":{"line":25,"column":67}}]},"4":{"loc":{"start":{"line":25,"column":21},"end":{"line":25,"column":67}},"type":"if","locations":[{"start":{"line":25,"column":21},"end":{"line":25,"column":67}}]},"5":{"loc":{"start":{"line":51,"column":8},"end":{"line":55,"column":79}},"type":"cond-expr","locations":[{"start":{"line":52,"column":14},"end":{"line":52,"column":42}},{"start":{"line":53,"column":14},"end":{"line":55,"column":79}}]},"6":{"loc":{"start":{"line":122,"column":12},"end":{"line":132,"column":13}},"type":"if","locations":[{"start":{"line":122,"column":12},"end":{"line":132,"column":13}}]},"7":{"loc":{"start":{"line":123,"column":16},"end":{"line":131,"column":17}},"type":"if","locations":[{"start":{"line":123,"column":16},"end":{"line":131,"column":17}},{"start":{"line":125,"column":23},"end":{"line":131,"column":17}}]},"8":{"loc":{"start":{"line":125,"column":23},"end":{"line":131,"column":17}},"type":"if","locations":[{"start":{"line":125,"column":23},"end":{"line":131,"column":17}},{"start":{"line":127,"column":23},"end":{"line":131,"column":17}}]},"9":{"loc":{"start":{"line":127,"column":23},"end":{"line":131,"column":17}},"type":"if","locations":[{"start":{"line":127,"column":23},"end":{"line":131,"column":17}},{"start":{"line":129,"column":23},"end":{"line":131,"column":17}}]},"10":{"loc":{"start":{"line":135,"column":8},"end":{"line":155,"column":9}},"type":"if","locations":[{"start":{"line":135,"column":8},"end":{"line":155,"column":9}},{"start":{"line":139,"column":15},"end":{"line":155,"column":9}}]},"11":{"loc":{"start":{"line":145,"column":12},"end":{"line":154,"column":13}},"type":"if","locations":[{"start":{"line":145,"column":12},"end":{"line":154,"column":13}},{"start":{"line":149,"column":19},"end":{"line":154,"column":13}}]},"12":{"loc":{"start":{"line":170,"column":8},"end":{"line":179,"column":9}},"type":"if","locations":[{"start":{"line":170,"column":8},"end":{"line":179,"column":9}},{"start":{"line":174,"column":15},"end":{"line":179,"column":9}}]},"13":{"loc":{"start":{"line":193,"column":8},"end":{"line":195,"column":68}},"type":"cond-expr","locations":[{"start":{"line":194,"column":14},"end":{"line":194,"column":43}},{"start":{"line":195,"column":14},"end":{"line":195,"column":68}}]}},"s":{"0":3,"1":3,"2":3,"3":3,"4":3,"5":3,"6":3,"7":2,"8":2,"9":2,"10":1,"11":1,"12":1,"13":0,"14":0,"15":1,"16":1,"17":1,"18":1,"19":0,"20":2,"21":2,"22":2,"23":2,"24":0,"25":1,"26":1,"27":1,"28":1,"29":1,"30":0,"31":3,"32":3,"33":3,"34":3,"35":3,"36":24,"37":3,"38":1,"39":2,"40":0,"41":2,"42":0,"43":2,"44":3,"45":1,"46":2,"47":2,"48":1,"49":1,"50":0,"51":2,"52":2,"53":2,"54":2,"55":1,"56":1,"57":0,"58":2,"59":2,"60":2,"61":2,"62":0},"f":{"0":2,"1":2,"2":1,"3":3,"4":24,"5":2,"6":2},"b":{"0":[1,1],"1":[2,1],"2":[1],"3":[1,0],"4":[0],"5":[1,1],"6":[3],"7":[1,2],"8":[0,2],"9":[0,2],"10":[1,2],"11":[1,1],"12":[1,1],"13":[1,1]}}
,"/Users/dead_inside/bazyDanych/techmarket-api/src/controllers/review.controller.ts": {"path":"/Users/dead_inside/bazyDanych/techmarket-api/src/controllers/review.controller.ts","statementMap":{"0":{"start":{"line":16,"column":0},"end":{"line":16,"column":22}},"1":{"start":{"line":29,"column":0},"end":{"line":29,"column":22}},"2":{"start":{"line":47,"column":0},"end":{"line":47,"column":22}},"3":{"start":{"line":91,"column":0},"end":{"line":91,"column":22}},"4":{"start":{"line":142,"column":0},"end":{"line":142,"column":22}},"5":{"start":{"line":163,"column":0},"end":{"line":163,"column":22}},"6":{"start":{"line":181,"column":0},"end":{"line":181,"column":22}},"7":{"start":{"line":206,"column":0},"end":{"line":206,"column":22}},"8":{"start":{"line":226,"column":0},"end":{"line":226,"column":22}},"9":{"start":{"line":263,"column":0},"end":{"line":263,"column":22}},"10":{"start":{"line":2,"column":0},"end":{"line":2,"column":null}},"11":{"start":{"line":14,"column":0},"end":{"line":14,"column":35}},"12":{"start":{"line":21,"column":4},"end":{"line":26,"column":5}},"13":{"start":{"line":22,"column":24},"end":{"line":22,"column":45}},"14":{"start":{"line":23,"column":8},"end":{"line":23,"column":38}},"15":{"start":{"line":25,"column":8},"end":{"line":25,"column":20}},"16":{"start":{"line":34,"column":4},"end":{"line":44,"column":5}},"17":{"start":{"line":35,"column":29},"end":{"line":35,"column":39}},"18":{"start":{"line":36,"column":23},"end":{"line":36,"column":52}},"19":{"start":{"line":37,"column":8},"end":{"line":41,"column":9}},"20":{"start":{"line":38,"column":12},"end":{"line":38,"column":66}},"21":{"start":{"line":40,"column":12},"end":{"line":40,"column":41}},"22":{"start":{"line":43,"column":8},"end":{"line":43,"column":20}},"23":{"start":{"line":52,"column":4},"end":{"line":88,"column":5}},"24":{"start":{"line":63,"column":12},"end":{"line":63,"column":20}},"25":{"start":{"line":65,"column":8},"end":{"line":85,"column":9}},"26":{"start":{"line":66,"column":12},"end":{"line":66,"column":77}},"27":{"start":{"line":68,"column":30},"end":{"line":78,"column":14}},"28":{"start":{"line":80,"column":34},"end":{"line":80,"column":63}},"29":{"start":{"line":81,"column":12},"end":{"line":84,"column":15}},"30":{"start":{"line":87,"column":8},"end":{"line":87,"column":20}},"31":{"start":{"line":96,"column":4},"end":{"line":139,"column":5}},"32":{"start":{"line":97,"column":29},"end":{"line":97,"column":39}},"33":{"start":{"line":98,"column":27},"end":{"line":98,"column":35}},"34":{"start":{"line":100,"column":8},"end":{"line":136,"column":9}},"35":{"start":{"line":101,"column":12},"end":{"line":103,"column":15}},"36":{"start":{"line":105,"column":12},"end":{"line":110,"column":13}},"37":{"start":{"line":109,"column":16},"end":{"line":109,"column":74}},"38":{"start":{"line":111,"column":12},"end":{"line":113,"column":13}},"39":{"start":{"line":112,"column":16},"end":{"line":112,"column":68}},"40":{"start":{"line":114,"column":12},"end":{"line":116,"column":13}},"41":{"start":{"line":115,"column":16},"end":{"line":115,"column":68}},"42":{"start":{"line":117,"column":12},"end":{"line":119,"column":13}},"43":{"start":{"line":118,"column":16},"end":{"line":118,"column":66}},"44":{"start":{"line":121,"column":34},"end":{"line":123,"column":null}},"45":{"start":{"line":126,"column":12},"end":{"line":135,"column":13}},"46":{"start":{"line":127,"column":16},"end":{"line":129,"column":19}},"47":{"start":{"line":131,"column":16},"end":{"line":134,"column":19}},"48":{"start":{"line":138,"column":8},"end":{"line":138,"column":20}},"49":{"start":{"line":147,"column":4},"end":{"line":160,"column":5}},"50":{"start":{"line":148,"column":29},"end":{"line":148,"column":39}},"51":{"start":{"line":149,"column":30},"end":{"line":149,"column":58}},"52":{"start":{"line":150,"column":8},"end":{"line":157,"column":9}},"53":{"start":{"line":151,"column":12},"end":{"line":151,"column":66}},"54":{"start":{"line":153,"column":12},"end":{"line":156,"column":15}},"55":{"start":{"line":159,"column":8},"end":{"line":159,"column":20}},"56":{"start":{"line":168,"column":4},"end":{"line":178,"column":5}},"57":{"start":{"line":169,"column":29},"end":{"line":169,"column":39}},"58":{"start":{"line":170,"column":23},"end":{"line":170,"column":61}},"59":{"start":{"line":171,"column":8},"end":{"line":175,"column":9}},"60":{"start":{"line":172,"column":12},"end":{"line":172,"column":66}},"61":{"start":{"line":174,"column":12},"end":{"line":174,"column":41}},"62":{"start":{"line":177,"column":8},"end":{"line":177,"column":20}},"63":{"start":{"line":186,"column":4},"end":{"line":203,"column":5}},"64":{"start":{"line":187,"column":30},"end":{"line":187,"column":40}},"65":{"start":{"line":188,"column":21},"end":{"line":188,"column":64}},"66":{"start":{"line":189,"column":22},"end":{"line":189,"column":67}},"67":{"start":{"line":190,"column":24},"end":{"line":190,"column":75}},"68":{"start":{"line":191,"column":27},"end":{"line":191,"column":75}},"69":{"start":{"line":193,"column":24},"end":{"line":198,"column":null}},"70":{"start":{"line":200,"column":8},"end":{"line":200,"column":38}},"71":{"start":{"line":202,"column":8},"end":{"line":202,"column":20}},"72":{"start":{"line":211,"column":4},"end":{"line":223,"column":5}},"73":{"start":{"line":212,"column":30},"end":{"line":212,"column":40}},"74":{"start":{"line":213,"column":22},"end":{"line":213,"column":63}},"75":{"start":{"line":214,"column":8},"end":{"line":220,"column":9}},"76":{"start":{"line":215,"column":12},"end":{"line":217,"column":15}},"77":{"start":{"line":219,"column":12},"end":{"line":219,"column":40}},"78":{"start":{"line":222,"column":8},"end":{"line":222,"column":20}},"79":{"start":{"line":231,"column":4},"end":{"line":260,"column":5}},"80":{"start":{"line":233,"column":12},"end":{"line":233,"column":21}},"81":{"start":{"line":235,"column":28},"end":{"line":235,"column":79}},"82":{"start":{"line":237,"column":12},"end":{"line":241,"column":29}},"83":{"start":{"line":243,"column":24},"end":{"line":255,"column":10}},"84":{"start":{"line":257,"column":8},"end":{"line":257,"column":38}},"85":{"start":{"line":259,"column":8},"end":{"line":259,"column":20}},"86":{"start":{"line":268,"column":4},"end":{"line":282,"column":5}},"87":{"start":{"line":269,"column":29},"end":{"line":269,"column":39}},"88":{"start":{"line":270,"column":24},"end":{"line":270,"column":50}},"89":{"start":{"line":272,"column":8},"end":{"line":279,"column":9}},"90":{"start":{"line":273,"column":12},"end":{"line":273,"column":66}},"91":{"start":{"line":275,"column":12},"end":{"line":278,"column":15}},"92":{"start":{"line":281,"column":8},"end":{"line":281,"column":20}}},"fnMap":{"0":{"name":"getAllReviewsController","decl":{"start":{"line":16,"column":22},"end":{"line":16,"column":45}},"loc":{"start":{"line":19,"column":22},"end":{"line":27,"column":null}}},"1":{"name":"getReviewByIdController","decl":{"start":{"line":29,"column":22},"end":{"line":29,"column":45}},"loc":{"start":{"line":32,"column":22},"end":{"line":45,"column":null}}},"2":{"name":"createReviewController","decl":{"start":{"line":47,"column":22},"end":{"line":47,"column":44}},"loc":{"start":{"line":50,"column":22},"end":{"line":89,"column":null}}},"3":{"name":"partlyChangeReviewController","decl":{"start":{"line":91,"column":22},"end":{"line":91,"column":50}},"loc":{"start":{"line":94,"column":22},"end":{"line":140,"column":null}}},"4":{"name":"deleteReviewController","decl":{"start":{"line":142,"column":22},"end":{"line":142,"column":44}},"loc":{"start":{"line":145,"column":22},"end":{"line":161,"column":null}}},"5":{"name":"getReviewDetailsController","decl":{"start":{"line":163,"column":22},"end":{"line":163,"column":48}},"loc":{"start":{"line":166,"column":22},"end":{"line":179,"column":null}}},"6":{"name":"getReviewsByProductController","decl":{"start":{"line":181,"column":22},"end":{"line":181,"column":51}},"loc":{"start":{"line":184,"column":22},"end":{"line":204,"column":null}}},"7":{"name":"getReviewStatsForProductController","decl":{"start":{"line":206,"column":22},"end":{"line":206,"column":56}},"loc":{"start":{"line":209,"column":22},"end":{"line":224,"column":null}}},"8":{"name":"advancedSearchReviewController","decl":{"start":{"line":226,"column":22},"end":{"line":226,"column":52}},"loc":{"start":{"line":229,"column":22},"end":{"line":261,"column":null}}},"9":{"name":"likeReviewController","decl":{"start":{"line":263,"column":22},"end":{"line":263,"column":42}},"loc":{"start":{"line":266,"column":22},"end":{"line":283,"column":null}}}},"branchMap":{"0":{"loc":{"start":{"line":37,"column":8},"end":{"line":41,"column":9}},"type":"if","locations":[{"start":{"line":37,"column":8},"end":{"line":41,"column":9}},{"start":{"line":39,"column":15},"end":{"line":41,"column":9}}]},"1":{"loc":{"start":{"line":65,"column":8},"end":{"line":85,"column":9}},"type":"if","locations":[{"start":{"line":65,"column":8},"end":{"line":85,"column":9}},{"start":{"line":67,"column":15},"end":{"line":85,"column":9}}]},"2":{"loc":{"start":{"line":65,"column":12},"end":{"line":65,"column":69}},"type":"binary-expr","locations":[{"start":{"line":65,"column":12},"end":{"line":65,"column":40}},{"start":{"line":65,"column":44},"end":{"line":65,"column":69}}]},"3":{"loc":{"start":{"line":74,"column":22},"end":{"line":74,"column":53}},"type":"cond-expr","locations":[{"start":{"line":74,"column":44},"end":{"line":74,"column":48}},{"start":{"line":74,"column":51},"end":{"line":74,"column":53}}]},"4":{"loc":{"start":{"line":75,"column":22},"end":{"line":75,"column":53}},"type":"cond-expr","locations":[{"start":{"line":75,"column":44},"end":{"line":75,"column":48}},{"start":{"line":75,"column":51},"end":{"line":75,"column":53}}]},"5":{"loc":{"start":{"line":77,"column":23},"end":{"line":77,"column":54}},"type":"cond-expr","locations":[{"start":{"line":77,"column":31},"end":{"line":77,"column":50}},{"start":{"line":77,"column":53},"end":{"line":77,"column":54}}]},"6":{"loc":{"start":{"line":100,"column":8},"end":{"line":136,"column":9}},"type":"if","locations":[{"start":{"line":100,"column":8},"end":{"line":136,"column":9}},{"start":{"line":104,"column":15},"end":{"line":136,"column":9}}]},"7":{"loc":{"start":{"line":105,"column":12},"end":{"line":110,"column":13}},"type":"if","locations":[{"start":{"line":105,"column":12},"end":{"line":110,"column":13}}]},"8":{"loc":{"start":{"line":106,"column":16},"end":{"line":107,"column":54}},"type":"binary-expr","locations":[{"start":{"line":106,"column":16},"end":{"line":106,"column":36}},{"start":{"line":107,"column":16},"end":{"line":107,"column":54}}]},"9":{"loc":{"start":{"line":111,"column":12},"end":{"line":113,"column":13}},"type":"if","locations":[{"start":{"line":111,"column":12},"end":{"line":113,"column":13}}]},"10":{"loc":{"start":{"line":111,"column":16},"end":{"line":111,"column":72}},"type":"binary-expr","locations":[{"start":{"line":111,"column":16},"end":{"line":111,"column":33}},{"start":{"line":111,"column":37},"end":{"line":111,"column":72}}]},"11":{"loc":{"start":{"line":114,"column":12},"end":{"line":116,"column":13}},"type":"if","locations":[{"start":{"line":114,"column":12},"end":{"line":116,"column":13}}]},"12":{"loc":{"start":{"line":117,"column":12},"end":{"line":119,"column":13}},"type":"if","locations":[{"start":{"line":117,"column":12},"end":{"line":119,"column":13}}]},"13":{"loc":{"start":{"line":126,"column":12},"end":{"line":135,"column":13}},"type":"if","locations":[{"start":{"line":126,"column":12},"end":{"line":135,"column":13}},{"start":{"line":130,"column":19},"end":{"line":135,"column":13}}]},"14":{"loc":{"start":{"line":150,"column":8},"end":{"line":157,"column":9}},"type":"if","locations":[{"start":{"line":150,"column":8},"end":{"line":157,"column":9}},{"start":{"line":152,"column":15},"end":{"line":157,"column":9}}]},"15":{"loc":{"start":{"line":171,"column":8},"end":{"line":175,"column":9}},"type":"if","locations":[{"start":{"line":171,"column":8},"end":{"line":175,"column":9}},{"start":{"line":173,"column":15},"end":{"line":175,"column":9}}]},"16":{"loc":{"start":{"line":188,"column":21},"end":{"line":188,"column":64}},"type":"binary-expr","locations":[{"start":{"line":188,"column":21},"end":{"line":188,"column":59}},{"start":{"line":188,"column":63},"end":{"line":188,"column":64}}]},"17":{"loc":{"start":{"line":189,"column":22},"end":{"line":189,"column":67}},"type":"binary-expr","locations":[{"start":{"line":189,"column":22},"end":{"line":189,"column":61}},{"start":{"line":189,"column":65},"end":{"line":189,"column":67}}]},"18":{"loc":{"start":{"line":190,"column":24},"end":{"line":190,"column":75}},"type":"binary-expr","locations":[{"start":{"line":190,"column":24},"end":{"line":190,"column":63}},{"start":{"line":190,"column":67},"end":{"line":190,"column":75}}]},"19":{"loc":{"start":{"line":191,"column":27},"end":{"line":191,"column":75}},"type":"binary-expr","locations":[{"start":{"line":191,"column":27},"end":{"line":191,"column":65}},{"start":{"line":191,"column":69},"end":{"line":191,"column":75}}]},"20":{"loc":{"start":{"line":214,"column":8},"end":{"line":220,"column":9}},"type":"if","locations":[{"start":{"line":214,"column":8},"end":{"line":220,"column":9}},{"start":{"line":218,"column":15},"end":{"line":220,"column":9}}]},"21":{"loc":{"start":{"line":235,"column":28},"end":{"line":235,"column":79}},"type":"cond-expr","locations":[{"start":{"line":235,"column":37},"end":{"line":235,"column":67}},{"start":{"line":235,"column":70},"end":{"line":235,"column":79}}]},"22":{"loc":{"start":{"line":237,"column":12},"end":{"line":241,"column":29}},"type":"cond-expr","locations":[{"start":{"line":238,"column":18},"end":{"line":238,"column":22}},{"start":{"line":239,"column":18},"end":{"line":241,"column":29}}]},"23":{"loc":{"start":{"line":239,"column":18},"end":{"line":241,"column":29}},"type":"cond-expr","locations":[{"start":{"line":240,"column":20},"end":{"line":240,"column":25}},{"start":{"line":241,"column":20},"end":{"line":241,"column":29}}]},"24":{"loc":{"start":{"line":244,"column":24},"end":{"line":244,"column":67}},"type":"cond-expr","locations":[{"start":{"line":244,"column":37},"end":{"line":244,"column":55}},{"start":{"line":244,"column":58},"end":{"line":244,"column":67}}]},"25":{"loc":{"start":{"line":248,"column":16},"end":{"line":250,"column":31}},"type":"cond-expr","locations":[{"start":{"line":249,"column":22},"end":{"line":249,"column":31}},{"start":{"line":250,"column":22},"end":{"line":250,"column":31}}]},"26":{"loc":{"start":{"line":248,"column":16},"end":{"line":248,"column":63}},"type":"binary-expr","locations":[{"start":{"line":248,"column":16},"end":{"line":248,"column":38}},{"start":{"line":248,"column":42},"end":{"line":248,"column":63}}]},"27":{"loc":{"start":{"line":252,"column":16},"end":{"line":254,"column":31}},"type":"cond-expr","locations":[{"start":{"line":253,"column":22},"end":{"line":253,"column":31}},{"start":{"line":254,"column":22},"end":{"line":254,"column":31}}]},"28":{"loc":{"start":{"line":252,"column":16},"end":{"line":252,"column":59}},"type":"binary-expr","locations":[{"start":{"line":252,"column":16},"end":{"line":252,"column":35}},{"start":{"line":252,"column":39},"end":{"line":252,"column":59}}]},"29":{"loc":{"start":{"line":272,"column":8},"end":{"line":279,"column":9}},"type":"if","locations":[{"start":{"line":272,"column":8},"end":{"line":279,"column":9}},{"start":{"line":274,"column":15},"end":{"line":279,"column":9}}]}},"s":{"0":3,"1":3,"2":3,"3":3,"4":3,"5":3,"6":3,"7":3,"8":3,"9":3,"10":3,"11":3,"12":1,"13":1,"14":1,"15":0,"16":4,"17":4,"18":4,"19":4,"20":3,"21":1,"22":0,"23":2,"24":2,"25":2,"26":1,"27":1,"28":1,"29":1,"30":0,"31":2,"32":2,"33":2,"34":2,"35":0,"36":2,"37":0,"38":2,"39":0,"40":2,"41":2,"42":2,"43":0,"44":2,"45":2,"46":1,"47":1,"48":0,"49":2,"50":2,"51":2,"52":2,"53":1,"54":1,"55":0,"56":2,"57":2,"58":2,"59":2,"60":1,"61":1,"62":0,"63":2,"64":2,"65":2,"66":2,"67":2,"68":2,"69":2,"70":2,"71":0,"72":2,"73":2,"74":2,"75":1,"76":1,"77":0,"78":1,"79":0,"80":0,"81":0,"82":0,"83":0,"84":0,"85":0,"86":2,"87":2,"88":2,"89":2,"90":1,"91":1,"92":0},"f":{"0":1,"1":4,"2":2,"3":2,"4":2,"5":2,"6":2,"7":2,"8":0,"9":2},"b":{"0":[3,1],"1":[1,1],"2":[2,1],"3":[1,0],"4":[1,0],"5":[0,1],"6":[0,2],"7":[0],"8":[2,0],"9":[0],"10":[2,0],"11":[2],"12":[0],"13":[1,1],"14":[1,1],"15":[1,1],"16":[2,0],"17":[2,0],"18":[2,1],"19":[2,1],"20":[1,0],"21":[0,0],"22":[0,0],"23":[0,0],"24":[0,0],"25":[0,0],"26":[0,0],"27":[0,0],"28":[0,0],"29":[1,1]}}
,"/Users/dead_inside/bazyDanych/techmarket-api/src/controllers/user.controller.ts": {"path":"/Users/dead_inside/bazyDanych/techmarket-api/src/controllers/user.controller.ts","statementMap":{"0":{"start":{"line":12,"column":0},"end":{"line":12,"column":22}},"1":{"start":{"line":25,"column":0},"end":{"line":25,"column":22}},"2":{"start":{"line":41,"column":0},"end":{"line":41,"column":22}},"3":{"start":{"line":66,"column":0},"end":{"line":66,"column":22}},"4":{"start":{"line":95,"column":0},"end":{"line":95,"column":22}},"5":{"start":{"line":114,"column":0},"end":{"line":114,"column":22}},"6":{"start":{"line":2,"column":0},"end":{"line":2,"column":null}},"7":{"start":{"line":17,"column":4},"end":{"line":22,"column":5}},"8":{"start":{"line":18,"column":22},"end":{"line":18,"column":41}},"9":{"start":{"line":19,"column":8},"end":{"line":19,"column":36}},"10":{"start":{"line":21,"column":8},"end":{"line":21,"column":20}},"11":{"start":{"line":30,"column":4},"end":{"line":38,"column":5}},"12":{"start":{"line":31,"column":27},"end":{"line":31,"column":37}},"13":{"start":{"line":32,"column":21},"end":{"line":32,"column":46}},"14":{"start":{"line":33,"column":8},"end":{"line":35,"column":66}},"15":{"start":{"line":37,"column":8},"end":{"line":37,"column":20}},"16":{"start":{"line":46,"column":4},"end":{"line":63,"column":5}},"17":{"start":{"line":47,"column":71},"end":{"line":47,"column":79}},"18":{"start":{"line":48,"column":42},"end":{"line":54,"column":10}},"19":{"start":{"line":56,"column":28},"end":{"line":56,"column":53}},"20":{"start":{"line":57,"column":8},"end":{"line":60,"column":11}},"21":{"start":{"line":62,"column":8},"end":{"line":62,"column":20}},"22":{"start":{"line":71,"column":4},"end":{"line":92,"column":5}},"23":{"start":{"line":72,"column":27},"end":{"line":72,"column":37}},"24":{"start":{"line":73,"column":27},"end":{"line":73,"column":35}},"25":{"start":{"line":75,"column":8},"end":{"line":89,"column":9}},"26":{"start":{"line":76,"column":12},"end":{"line":78,"column":15}},"27":{"start":{"line":80,"column":32},"end":{"line":80,"column":74}},"28":{"start":{"line":81,"column":12},"end":{"line":88,"column":13}},"29":{"start":{"line":82,"column":16},"end":{"line":82,"column":68}},"30":{"start":{"line":84,"column":16},"end":{"line":87,"column":19}},"31":{"start":{"line":91,"column":8},"end":{"line":91,"column":20}},"32":{"start":{"line":100,"column":4},"end":{"line":111,"column":5}},"33":{"start":{"line":101,"column":27},"end":{"line":101,"column":37}},"34":{"start":{"line":102,"column":28},"end":{"line":102,"column":52}},"35":{"start":{"line":103,"column":8},"end":{"line":108,"column":66}},"36":{"start":{"line":110,"column":8},"end":{"line":110,"column":20}},"37":{"start":{"line":119,"column":4},"end":{"line":127,"column":5}},"38":{"start":{"line":120,"column":27},"end":{"line":120,"column":37}},"39":{"start":{"line":121,"column":21},"end":{"line":121,"column":55}},"40":{"start":{"line":122,"column":8},"end":{"line":124,"column":66}},"41":{"start":{"line":126,"column":8},"end":{"line":126,"column":20}}},"fnMap":{"0":{"name":"getAllUsersController","decl":{"start":{"line":12,"column":22},"end":{"line":12,"column":43}},"loc":{"start":{"line":15,"column":22},"end":{"line":23,"column":null}}},"1":{"name":"getUserByIdController","decl":{"start":{"line":25,"column":22},"end":{"line":25,"column":43}},"loc":{"start":{"line":28,"column":22},"end":{"line":39,"column":null}}},"2":{"name":"createUserController","decl":{"start":{"line":41,"column":22},"end":{"line":41,"column":42}},"loc":{"start":{"line":44,"column":22},"end":{"line":64,"column":null}}},"3":{"name":"partlyChangeUserController","decl":{"start":{"line":66,"column":22},"end":{"line":66,"column":48}},"loc":{"start":{"line":69,"column":22},"end":{"line":93,"column":null}}},"4":{"name":"deleteUserController","decl":{"start":{"line":95,"column":22},"end":{"line":95,"column":42}},"loc":{"start":{"line":98,"column":22},"end":{"line":112,"column":null}}},"5":{"name":"getUserDetailsController","decl":{"start":{"line":114,"column":22},"end":{"line":114,"column":46}},"loc":{"start":{"line":117,"column":22},"end":{"line":128,"column":null}}}},"branchMap":{"0":{"loc":{"start":{"line":33,"column":8},"end":{"line":35,"column":65}},"type":"cond-expr","locations":[{"start":{"line":34,"column":14},"end":{"line":34,"column":40}},{"start":{"line":35,"column":14},"end":{"line":35,"column":65}}]},"1":{"loc":{"start":{"line":75,"column":8},"end":{"line":89,"column":9}},"type":"if","locations":[{"start":{"line":75,"column":8},"end":{"line":89,"column":9}},{"start":{"line":79,"column":15},"end":{"line":89,"column":9}}]},"2":{"loc":{"start":{"line":81,"column":12},"end":{"line":88,"column":13}},"type":"if","locations":[{"start":{"line":81,"column":12},"end":{"line":88,"column":13}},{"start":{"line":83,"column":19},"end":{"line":88,"column":13}}]},"3":{"loc":{"start":{"line":103,"column":8},"end":{"line":108,"column":65}},"type":"cond-expr","locations":[{"start":{"line":104,"column":14},"end":{"line":107,"column":16}},{"start":{"line":108,"column":14},"end":{"line":108,"column":65}}]},"4":{"loc":{"start":{"line":122,"column":8},"end":{"line":124,"column":65}},"type":"cond-expr","locations":[{"start":{"line":123,"column":14},"end":{"line":123,"column":40}},{"start":{"line":124,"column":14},"end":{"line":124,"column":65}}]}},"s":{"0":3,"1":3,"2":3,"3":3,"4":3,"5":3,"6":3,"7":1,"8":1,"9":1,"10":0,"11":2,"12":2,"13":2,"14":2,"15":0,"16":1,"17":1,"18":1,"19":1,"20":1,"21":0,"22":3,"23":3,"24":3,"25":3,"26":1,"27":2,"28":2,"29":1,"30":1,"31":0,"32":2,"33":2,"34":2,"35":2,"36":0,"37":2,"38":2,"39":2,"40":2,"41":0},"f":{"0":1,"1":2,"2":1,"3":3,"4":2,"5":2},"b":{"0":[1,1],"1":[1,2],"2":[1,1],"3":[1,1],"4":[1,1]}}
,"/Users/dead_inside/bazyDanych/techmarket-api/src/middleware/errorHandler.ts": {"path":"/Users/dead_inside/bazyDanych/techmarket-api/src/middleware/errorHandler.ts","statementMap":{"0":{"start":{"line":3,"column":0},"end":{"line":3,"column":16}},"1":{"start":{"line":11,"column":4},"end":{"line":17,"column":5}},"2":{"start":{"line":16,"column":8},"end":{"line":16,"column":55}},"3":{"start":{"line":19,"column":4},"end":{"line":42,"column":5}},"4":{"start":{"line":20,"column":8},"end":{"line":39,"column":9}},"5":{"start":{"line":21,"column":12},"end":{"line":24,"column":15}},"6":{"start":{"line":25,"column":15},"end":{"line":39,"column":9}},"7":{"start":{"line":26,"column":12},"end":{"line":29,"column":15}},"8":{"start":{"line":30,"column":15},"end":{"line":39,"column":9}},"9":{"start":{"line":31,"column":12},"end":{"line":34,"column":15}},"10":{"start":{"line":35,"column":15},"end":{"line":39,"column":9}},"11":{"start":{"line":36,"column":12},"end":{"line":36,"column":66}},"12":{"start":{"line":38,"column":12},"end":{"line":38,"column":63}},"13":{"start":{"line":41,"column":8},"end":{"line":41,"column":67}}},"fnMap":{"0":{"name":"middlewareForError","decl":{"start":{"line":3,"column":16},"end":{"line":3,"column":34}},"loc":{"start":{"line":7,"column":23},"end":{"line":43,"column":1}}}},"branchMap":{"0":{"loc":{"start":{"line":11,"column":4},"end":{"line":17,"column":5}},"type":"if","locations":[{"start":{"line":11,"column":4},"end":{"line":17,"column":5}}]},"1":{"loc":{"start":{"line":12,"column":8},"end":{"line":14,"column":46}},"type":"binary-expr","locations":[{"start":{"line":12,"column":8},"end":{"line":12,"column":19}},{"start":{"line":13,"column":9},"end":{"line":13,"column":49}},{"start":{"line":14,"column":12},"end":{"line":14,"column":45}}]},"2":{"loc":{"start":{"line":19,"column":4},"end":{"line":42,"column":5}},"type":"if","locations":[{"start":{"line":19,"column":4},"end":{"line":42,"column":5}},{"start":{"line":40,"column":11},"end":{"line":42,"column":5}}]},"3":{"loc":{"start":{"line":20,"column":8},"end":{"line":39,"column":9}},"type":"if","locations":[{"start":{"line":20,"column":8},"end":{"line":39,"column":9}},{"start":{"line":25,"column":15},"end":{"line":39,"column":9}}]},"4":{"loc":{"start":{"line":25,"column":15},"end":{"line":39,"column":9}},"type":"if","locations":[{"start":{"line":25,"column":15},"end":{"line":39,"column":9}},{"start":{"line":30,"column":15},"end":{"line":39,"column":9}}]},"5":{"loc":{"start":{"line":30,"column":15},"end":{"line":39,"column":9}},"type":"if","locations":[{"start":{"line":30,"column":15},"end":{"line":39,"column":9}},{"start":{"line":35,"column":15},"end":{"line":39,"column":9}}]},"6":{"loc":{"start":{"line":35,"column":15},"end":{"line":39,"column":9}},"type":"if","locations":[{"start":{"line":35,"column":15},"end":{"line":39,"column":9}},{"start":{"line":37,"column":15},"end":{"line":39,"column":9}}]}},"s":{"0":3,"1":1,"2":0,"3":1,"4":0,"5":0,"6":0,"7":0,"8":0,"9":0,"10":0,"11":0,"12":0,"13":1},"f":{"0":1},"b":{"0":[0],"1":[1,1,1],"2":[0,1],"3":[0,0],"4":[0,0],"5":[0,0],"6":[0,0]}}
,"/Users/dead_inside/bazyDanych/techmarket-api/src/models/product.model.ts": {"path":"/Users/dead_inside/bazyDanych/techmarket-api/src/models/product.model.ts","statementMap":{"0":{"start":{"line":16,"column":0},"end":{"line":16,"column":22}},"1":{"start":{"line":23,"column":0},"end":{"line":23,"column":22}},"2":{"start":{"line":36,"column":0},"end":{"line":36,"column":22}},"3":{"start":{"line":48,"column":0},"end":{"line":48,"column":22}},"4":{"start":{"line":73,"column":0},"end":{"line":73,"column":22}},"5":{"start":{"line":89,"column":0},"end":{"line":89,"column":22}},"6":{"start":{"line":111,"column":0},"end":{"line":111,"column":22}},"7":{"start":{"line":1,"column":0},"end":{"line":1,"column":35}},"8":{"start":{"line":2,"column":0},"end":{"line":2,"column":59}},"9":{"start":{"line":17,"column":4},"end":{"line":17,"column":80}},"10":{"start":{"line":17,"column":31},"end":{"line":17,"column":80}},"11":{"start":{"line":18,"column":27},"end":{"line":18,"column":56}},"12":{"start":{"line":19,"column":22},"end":{"line":19,"column":52}},"13":{"start":{"line":20,"column":4},"end":{"line":20,"column":20}},"14":{"start":{"line":24,"column":4},"end":{"line":24,"column":80}},"15":{"start":{"line":24,"column":31},"end":{"line":24,"column":80}},"16":{"start":{"line":26,"column":4},"end":{"line":28,"column":5}},"17":{"start":{"line":27,"column":8},"end":{"line":27,"column":20}},"18":{"start":{"line":30,"column":21},"end":{"line":32,"column":6}},"19":{"start":{"line":33,"column":4},"end":{"line":33,"column":19}},"20":{"start":{"line":39,"column":4},"end":{"line":39,"column":80}},"21":{"start":{"line":39,"column":31},"end":{"line":39,"column":80}},"22":{"start":{"line":41,"column":19},"end":{"line":41,"column":68}},"23":{"start":{"line":42,"column":4},"end":{"line":44,"column":null}},"24":{"start":{"line":52,"column":4},"end":{"line":52,"column":80}},"25":{"start":{"line":52,"column":31},"end":{"line":52,"column":80}},"26":{"start":{"line":54,"column":4},"end":{"line":56,"column":5}},"27":{"start":{"line":55,"column":8},"end":{"line":55,"column":20}},"28":{"start":{"line":58,"column":19},"end":{"line":58,"column":44}},"29":{"start":{"line":60,"column":19},"end":{"line":63,"column":null}},"30":{"start":{"line":66,"column":4},"end":{"line":68,"column":5}},"31":{"start":{"line":67,"column":8},"end":{"line":67,"column":20}},"32":{"start":{"line":70,"column":4},"end":{"line":70,"column":35}},"33":{"start":{"line":74,"column":4},"end":{"line":74,"column":80}},"34":{"start":{"line":74,"column":31},"end":{"line":74,"column":80}},"35":{"start":{"line":76,"column":4},"end":{"line":78,"column":5}},"36":{"start":{"line":77,"column":8},"end":{"line":77,"column":20}},"37":{"start":{"line":80,"column":19},"end":{"line":80,"column":44}},"38":{"start":{"line":81,"column":19},"end":{"line":81,"column":70}},"39":{"start":{"line":83,"column":4},"end":{"line":85,"column":5}},"40":{"start":{"line":84,"column":8},"end":{"line":84,"column":20}},"41":{"start":{"line":86,"column":4},"end":{"line":86,"column":35}},"42":{"start":{"line":93,"column":4},"end":{"line":93,"column":80}},"43":{"start":{"line":93,"column":31},"end":{"line":93,"column":80}},"44":{"start":{"line":95,"column":24},"end":{"line":95,"column":26}},"45":{"start":{"line":97,"column":4},"end":{"line":99,"column":5}},"46":{"start":{"line":98,"column":8},"end":{"line":98,"column":50}},"47":{"start":{"line":101,"column":26},"end":{"line":101,"column":28}},"48":{"start":{"line":102,"column":4},"end":{"line":104,"column":5}},"49":{"start":{"line":103,"column":8},"end":{"line":103,"column":72}},"50":{"start":{"line":106,"column":27},"end":{"line":106,"column":77}},"51":{"start":{"line":107,"column":22},"end":{"line":107,"column":52}},"52":{"start":{"line":108,"column":4},"end":{"line":108,"column":20}},"53":{"start":{"line":112,"column":4},"end":{"line":112,"column":80}},"54":{"start":{"line":112,"column":31},"end":{"line":112,"column":80}},"55":{"start":{"line":114,"column":4},"end":{"line":114,"column":43}},"56":{"start":{"line":114,"column":31},"end":{"line":114,"column":43}},"57":{"start":{"line":116,"column":22},"end":{"line":126,"column":6}},"58":{"start":{"line":128,"column":19},"end":{"line":128,"column":41}},"59":{"start":{"line":130,"column":4},"end":{"line":130,"column":26}}},"fnMap":{"0":{"name":"getAllProducts","decl":{"start":{"line":16,"column":22},"end":{"line":16,"column":36}},"loc":{"start":{"line":16,"column":36},"end":{"line":21,"column":null}}},"1":{"name":"getProductById","decl":{"start":{"line":23,"column":22},"end":{"line":23,"column":36}},"loc":{"start":{"line":23,"column":47},"end":{"line":34,"column":null}}},"2":{"name":"createProduct","decl":{"start":{"line":36,"column":22},"end":{"line":36,"column":35}},"loc":{"start":{"line":37,"column":37},"end":{"line":46,"column":null}}},"3":{"name":"updateProductPartly","decl":{"start":{"line":48,"column":22},"end":{"line":48,"column":41}},"loc":{"start":{"line":50,"column":45},"end":{"line":71,"column":null}}},"4":{"name":"deleteProduct","decl":{"start":{"line":73,"column":22},"end":{"line":73,"column":35}},"loc":{"start":{"line":73,"column":46},"end":{"line":87,"column":null}}},"5":{"name":"searchProducts","decl":{"start":{"line":89,"column":22},"end":{"line":89,"column":36}},"loc":{"start":{"line":92,"column":1},"end":{"line":109,"column":null}}},"6":{"name":"getProductWithRelations","decl":{"start":{"line":111,"column":22},"end":{"line":111,"column":45}},"loc":{"start":{"line":111,"column":56},"end":{"line":131,"column":null}}}},"branchMap":{"0":{"loc":{"start":{"line":17,"column":4},"end":{"line":17,"column":80}},"type":"if","locations":[{"start":{"line":17,"column":4},"end":{"line":17,"column":80}}]},"1":{"loc":{"start":{"line":24,"column":4},"end":{"line":24,"column":80}},"type":"if","locations":[{"start":{"line":24,"column":4},"end":{"line":24,"column":80}}]},"2":{"loc":{"start":{"line":26,"column":4},"end":{"line":28,"column":5}},"type":"if","locations":[{"start":{"line":26,"column":4},"end":{"line":28,"column":5}}]},"3":{"loc":{"start":{"line":39,"column":4},"end":{"line":39,"column":80}},"type":"if","locations":[{"start":{"line":39,"column":4},"end":{"line":39,"column":80}}]},"4":{"loc":{"start":{"line":52,"column":4},"end":{"line":52,"column":80}},"type":"if","locations":[{"start":{"line":52,"column":4},"end":{"line":52,"column":80}}]},"5":{"loc":{"start":{"line":54,"column":4},"end":{"line":56,"column":5}},"type":"if","locations":[{"start":{"line":54,"column":4},"end":{"line":56,"column":5}}]},"6":{"loc":{"start":{"line":66,"column":4},"end":{"line":68,"column":5}},"type":"if","locations":[{"start":{"line":66,"column":4},"end":{"line":68,"column":5}}]},"7":{"loc":{"start":{"line":66,"column":8},"end":{"line":66,"column":32}},"type":"binary-expr","locations":[{"start":{"line":66,"column":8},"end":{"line":66,"column":15}},{"start":{"line":66,"column":19},"end":{"line":66,"column":32}}]},"8":{"loc":{"start":{"line":74,"column":4},"end":{"line":74,"column":80}},"type":"if","locations":[{"start":{"line":74,"column":4},"end":{"line":74,"column":80}}]},"9":{"loc":{"start":{"line":76,"column":4},"end":{"line":78,"column":5}},"type":"if","locations":[{"start":{"line":76,"column":4},"end":{"line":78,"column":5}}]},"10":{"loc":{"start":{"line":83,"column":4},"end":{"line":85,"column":5}},"type":"if","locations":[{"start":{"line":83,"column":4},"end":{"line":85,"column":5}}]},"11":{"loc":{"start":{"line":83,"column":8},"end":{"line":83,"column":32}},"type":"binary-expr","locations":[{"start":{"line":83,"column":8},"end":{"line":83,"column":15}},{"start":{"line":83,"column":19},"end":{"line":83,"column":32}}]},"12":{"loc":{"start":{"line":93,"column":4},"end":{"line":93,"column":80}},"type":"if","locations":[{"start":{"line":93,"column":4},"end":{"line":93,"column":80}}]},"13":{"loc":{"start":{"line":97,"column":4},"end":{"line":99,"column":5}},"type":"if","locations":[{"start":{"line":97,"column":4},"end":{"line":99,"column":5}}]},"14":{"loc":{"start":{"line":102,"column":4},"end":{"line":104,"column":5}},"type":"if","locations":[{"start":{"line":102,"column":4},"end":{"line":104,"column":5}}]},"15":{"loc":{"start":{"line":103,"column":30},"end":{"line":103,"column":69}},"type":"cond-expr","locations":[{"start":{"line":103,"column":63},"end":{"line":103,"column":64}},{"start":{"line":103,"column":67},"end":{"line":103,"column":69}}]},"16":{"loc":{"start":{"line":112,"column":4},"end":{"line":112,"column":80}},"type":"if","locations":[{"start":{"line":112,"column":4},"end":{"line":112,"column":80}}]},"17":{"loc":{"start":{"line":114,"column":4},"end":{"line":114,"column":43}},"type":"if","locations":[{"start":{"line":114,"column":4},"end":{"line":114,"column":43}}]},"18":{"loc":{"start":{"line":130,"column":11},"end":{"line":130,"column":25}},"type":"binary-expr","locations":[{"start":{"line":130,"column":11},"end":{"line":130,"column":17}},{"start":{"line":130,"column":21},"end":{"line":130,"column":25}}]}},"s":{"0":3,"1":3,"2":3,"3":3,"4":3,"5":3,"6":3,"7":3,"8":3,"9":1,"10":0,"11":1,"12":1,"13":1,"14":2,"15":0,"16":2,"17":1,"18":1,"19":1,"20":1,"21":0,"22":1,"23":1,"24":2,"25":0,"26":2,"27":0,"28":2,"29":2,"30":2,"31":1,"32":1,"33":2,"34":0,"35":2,"36":0,"37":2,"38":2,"39":2,"40":1,"41":1,"42":1,"43":0,"44":1,"45":1,"46":1,"47":1,"48":1,"49":1,"50":1,"51":1,"52":1,"53":2,"54":0,"55":2,"56":1,"57":1,"58":1,"59":1},"f":{"0":1,"1":2,"2":1,"3":2,"4":2,"5":1,"6":2},"b":{"0":[0],"1":[0],"2":[1],"3":[0],"4":[0],"5":[0],"6":[1],"7":[2,2],"8":[0],"9":[0],"10":[1],"11":[2,2],"12":[0],"13":[1],"14":[1],"15":[1,0],"16":[0],"17":[1],"18":[1,0]}}
,"/Users/dead_inside/bazyDanych/techmarket-api/src/models/review.model.ts": {"path":"/Users/dead_inside/bazyDanych/techmarket-api/src/models/review.model.ts","statementMap":{"0":{"start":{"line":17,"column":0},"end":{"line":17,"column":22}},"1":{"start":{"line":24,"column":0},"end":{"line":24,"column":22}},"2":{"start":{"line":35,"column":0},"end":{"line":35,"column":22}},"3":{"start":{"line":42,"column":0},"end":{"line":42,"column":22}},"4":{"start":{"line":58,"column":0},"end":{"line":58,"column":22}},"5":{"start":{"line":68,"column":0},"end":{"line":68,"column":22}},"6":{"start":{"line":95,"column":0},"end":{"line":95,"column":22}},"7":{"start":{"line":120,"column":0},"end":{"line":120,"column":22}},"8":{"start":{"line":176,"column":0},"end":{"line":176,"column":22}},"9":{"start":{"line":212,"column":0},"end":{"line":212,"column":22}},"10":{"start":{"line":1,"column":0},"end":{"line":1,"column":35}},"11":{"start":{"line":2,"column":0},"end":{"line":2,"column":59}},"12":{"start":{"line":18,"column":4},"end":{"line":18,"column":78}},"13":{"start":{"line":18,"column":30},"end":{"line":18,"column":78}},"14":{"start":{"line":20,"column":19},"end":{"line":20,"column":60}},"15":{"start":{"line":21,"column":4},"end":{"line":21,"column":47}},"16":{"start":{"line":25,"column":4},"end":{"line":25,"column":78}},"17":{"start":{"line":25,"column":30},"end":{"line":25,"column":78}},"18":{"start":{"line":26,"column":4},"end":{"line":26,"column":43}},"19":{"start":{"line":26,"column":31},"end":{"line":26,"column":43}},"20":{"start":{"line":28,"column":20},"end":{"line":30,"column":6}},"21":{"start":{"line":32,"column":4},"end":{"line":32,"column":18}},"22":{"start":{"line":36,"column":4},"end":{"line":36,"column":78}},"23":{"start":{"line":36,"column":30},"end":{"line":36,"column":78}},"24":{"start":{"line":37,"column":19},"end":{"line":37,"column":47}},"25":{"start":{"line":38,"column":21},"end":{"line":38,"column":43}},"26":{"start":{"line":39,"column":4},"end":{"line":39,"column":19}},"27":{"start":{"line":46,"column":4},"end":{"line":46,"column":78}},"28":{"start":{"line":46,"column":30},"end":{"line":46,"column":78}},"29":{"start":{"line":47,"column":4},"end":{"line":47,"column":43}},"30":{"start":{"line":47,"column":31},"end":{"line":47,"column":43}},"31":{"start":{"line":49,"column":19},"end":{"line":49,"column":44}},"32":{"start":{"line":50,"column":19},"end":{"line":50,"column":41}},"33":{"start":{"line":51,"column":19},"end":{"line":53,"column":6}},"34":{"start":{"line":55,"column":4},"end":{"line":55,"column":52}},"35":{"start":{"line":59,"column":4},"end":{"line":59,"column":78}},"36":{"start":{"line":59,"column":30},"end":{"line":59,"column":78}},"37":{"start":{"line":60,"column":4},"end":{"line":60,"column":43}},"38":{"start":{"line":60,"column":31},"end":{"line":60,"column":43}},"39":{"start":{"line":62,"column":19},"end":{"line":62,"column":44}},"40":{"start":{"line":63,"column":19},"end":{"line":63,"column":69}},"41":{"start":{"line":65,"column":4},"end":{"line":65,"column":52}},"42":{"start":{"line":69,"column":4},"end":{"line":69,"column":78}},"43":{"start":{"line":69,"column":30},"end":{"line":69,"column":78}},"44":{"start":{"line":70,"column":4},"end":{"line":70,"column":43}},"45":{"start":{"line":70,"column":31},"end":{"line":70,"column":43}},"46":{"start":{"line":72,"column":22},"end":{"line":90,"column":6}},"47":{"start":{"line":91,"column":19},"end":{"line":91,"column":41}},"48":{"start":{"line":92,"column":4},"end":{"line":92,"column":26}},"49":{"start":{"line":96,"column":4},"end":{"line":118,"column":null}},"50":{"start":{"line":102,"column":4},"end":{"line":102,"column":78}},"51":{"start":{"line":102,"column":30},"end":{"line":102,"column":78}},"52":{"start":{"line":103,"column":4},"end":{"line":103,"column":48}},"53":{"start":{"line":103,"column":38},"end":{"line":103,"column":48}},"54":{"start":{"line":105,"column":19},"end":{"line":105,"column":57}},"55":{"start":{"line":106,"column":17},"end":{"line":106,"column":35}},"56":{"start":{"line":107,"column":22},"end":{"line":109,"column":6}},"57":{"start":{"line":111,"column":19},"end":{"line":115,"column":21}},"58":{"start":{"line":117,"column":4},"end":{"line":117,"column":48}},"59":{"start":{"line":125,"column":4},"end":{"line":125,"column":78}},"60":{"start":{"line":125,"column":30},"end":{"line":125,"column":78}},"61":{"start":{"line":126,"column":4},"end":{"line":126,"column":50}},"62":{"start":{"line":126,"column":38},"end":{"line":126,"column":50}},"63":{"start":{"line":128,"column":22},"end":{"line":137,"column":6}},"64":{"start":{"line":139,"column":20},"end":{"line":139,"column":45}},"65":{"start":{"line":141,"column":4},"end":{"line":147,"column":5}},"66":{"start":{"line":142,"column":8},"end":{"line":146,"column":10}},"67":{"start":{"line":149,"column":23},"end":{"line":149,"column":24}},"68":{"start":{"line":150,"column":25},"end":{"line":150,"column":26}},"69":{"start":{"line":151,"column":52},"end":{"line":157,"column":6}},"70":{"start":{"line":159,"column":4},"end":{"line":165,"column":5}},"71":{"start":{"line":160,"column":23},"end":{"line":160,"column":40}},"72":{"start":{"line":161,"column":22},"end":{"line":161,"column":41}},"73":{"start":{"line":162,"column":8},"end":{"line":162,"column":30}},"74":{"start":{"line":163,"column":8},"end":{"line":163,"column":41}},"75":{"start":{"line":164,"column":8},"end":{"line":164,"column":37}},"76":{"start":{"line":167,"column":26},"end":{"line":167,"column":74}},"77":{"start":{"line":169,"column":4},"end":{"line":173,"column":6}},"78":{"start":{"line":183,"column":4},"end":{"line":183,"column":78}},"79":{"start":{"line":183,"column":30},"end":{"line":183,"column":78}},"80":{"start":{"line":185,"column":24},"end":{"line":185,"column":26}},"81":{"start":{"line":187,"column":4},"end":{"line":189,"column":5}},"82":{"start":{"line":188,"column":8},"end":{"line":188,"column":54}},"83":{"start":{"line":191,"column":4},"end":{"line":197,"column":5}},"84":{"start":{"line":196,"column":8},"end":{"line":196,"column":38}},"85":{"start":{"line":199,"column":4},"end":{"line":201,"column":5}},"86":{"start":{"line":200,"column":8},"end":{"line":200,"column":58}},"87":{"start":{"line":203,"column":25},"end":{"line":203,"column":27}},"88":{"start":{"line":204,"column":4},"end":{"line":206,"column":5}},"89":{"start":{"line":205,"column":8},"end":{"line":205,"column":74}},"90":{"start":{"line":208,"column":19},"end":{"line":208,"column":67}},"91":{"start":{"line":209,"column":4},"end":{"line":209,"column":48}},"92":{"start":{"line":213,"column":4},"end":{"line":213,"column":78}},"93":{"start":{"line":213,"column":30},"end":{"line":213,"column":78}},"94":{"start":{"line":214,"column":4},"end":{"line":214,"column":43}},"95":{"start":{"line":214,"column":31},"end":{"line":214,"column":43}},"96":{"start":{"line":216,"column":19},"end":{"line":216,"column":44}},"97":{"start":{"line":217,"column":19},"end":{"line":217,"column":41}},"98":{"start":{"line":218,"column":19},"end":{"line":220,"column":6}},"99":{"start":{"line":222,"column":4},"end":{"line":222,"column":52}}},"fnMap":{"0":{"name":"createReview","decl":{"start":{"line":17,"column":22},"end":{"line":17,"column":34}},"loc":{"start":{"line":17,"column":60},"end":{"line":22,"column":null}}},"1":{"name":"getReviewById","decl":{"start":{"line":24,"column":22},"end":{"line":24,"column":35}},"loc":{"start":{"line":24,"column":46},"end":{"line":33,"column":null}}},"2":{"name":"getAllReviews","decl":{"start":{"line":35,"column":22},"end":{"line":35,"column":35}},"loc":{"start":{"line":35,"column":35},"end":{"line":40,"column":null}}},"3":{"name":"partlyChangeReview","decl":{"start":{"line":42,"column":22},"end":{"line":42,"column":40}},"loc":{"start":{"line":44,"column":46},"end":{"line":56,"column":null}}},"4":{"name":"deleteReview","decl":{"start":{"line":58,"column":22},"end":{"line":58,"column":34}},"loc":{"start":{"line":58,"column":45},"end":{"line":66,"column":null}}},"5":{"name":"getReviewWithRelations","decl":{"start":{"line":68,"column":22},"end":{"line":68,"column":44}},"loc":{"start":{"line":68,"column":55},"end":{"line":93,"column":null}}},"6":{"name":"getReviewsByProduct","decl":{"start":{"line":95,"column":22},"end":{"line":95,"column":41}},"loc":{"start":{"line":95,"column":41},"end":{"line":118,"column":null}}},"7":{"name":"(anonymous_20)","decl":{"start":{"line":96,"column":4},"end":{"line":96,"column":21}},"loc":{"start":{"line":100,"column":38},"end":{"line":118,"column":1}}},"8":{"name":"getReviewStatsForProduct","decl":{"start":{"line":120,"column":22},"end":{"line":120,"column":46}},"loc":{"start":{"line":120,"column":64},"end":{"line":174,"column":null}}},"9":{"name":"advancedSearchReviews","decl":{"start":{"line":176,"column":22},"end":{"line":176,"column":43}},"loc":{"start":{"line":182,"column":1},"end":{"line":210,"column":null}}},"10":{"name":"likeReview","decl":{"start":{"line":212,"column":22},"end":{"line":212,"column":32}},"loc":{"start":{"line":212,"column":43},"end":{"line":223,"column":null}}}},"branchMap":{"0":{"loc":{"start":{"line":18,"column":4},"end":{"line":18,"column":78}},"type":"if","locations":[{"start":{"line":18,"column":4},"end":{"line":18,"column":78}}]},"1":{"loc":{"start":{"line":25,"column":4},"end":{"line":25,"column":78}},"type":"if","locations":[{"start":{"line":25,"column":4},"end":{"line":25,"column":78}}]},"2":{"loc":{"start":{"line":26,"column":4},"end":{"line":26,"column":43}},"type":"if","locations":[{"start":{"line":26,"column":4},"end":{"line":26,"column":43}}]},"3":{"loc":{"start":{"line":36,"column":4},"end":{"line":36,"column":78}},"type":"if","locations":[{"start":{"line":36,"column":4},"end":{"line":36,"column":78}}]},"4":{"loc":{"start":{"line":46,"column":4},"end":{"line":46,"column":78}},"type":"if","locations":[{"start":{"line":46,"column":4},"end":{"line":46,"column":78}}]},"5":{"loc":{"start":{"line":47,"column":4},"end":{"line":47,"column":43}},"type":"if","locations":[{"start":{"line":47,"column":4},"end":{"line":47,"column":43}}]},"6":{"loc":{"start":{"line":55,"column":11},"end":{"line":55,"column":51}},"type":"cond-expr","locations":[{"start":{"line":55,"column":21},"end":{"line":55,"column":44}},{"start":{"line":55,"column":47},"end":{"line":55,"column":51}}]},"7":{"loc":{"start":{"line":59,"column":4},"end":{"line":59,"column":78}},"type":"if","locations":[{"start":{"line":59,"column":4},"end":{"line":59,"column":78}}]},"8":{"loc":{"start":{"line":60,"column":4},"end":{"line":60,"column":43}},"type":"if","locations":[{"start":{"line":60,"column":4},"end":{"line":60,"column":43}}]},"9":{"loc":{"start":{"line":65,"column":11},"end":{"line":65,"column":51}},"type":"cond-expr","locations":[{"start":{"line":65,"column":21},"end":{"line":65,"column":44}},{"start":{"line":65,"column":47},"end":{"line":65,"column":51}}]},"10":{"loc":{"start":{"line":69,"column":4},"end":{"line":69,"column":78}},"type":"if","locations":[{"start":{"line":69,"column":4},"end":{"line":69,"column":78}}]},"11":{"loc":{"start":{"line":70,"column":4},"end":{"line":70,"column":43}},"type":"if","locations":[{"start":{"line":70,"column":4},"end":{"line":70,"column":43}}]},"12":{"loc":{"start":{"line":92,"column":11},"end":{"line":92,"column":25}},"type":"binary-expr","locations":[{"start":{"line":92,"column":11},"end":{"line":92,"column":17}},{"start":{"line":92,"column":21},"end":{"line":92,"column":25}}]},"13":{"loc":{"start":{"line":97,"column":4},"end":{"line":97,"column":20}},"type":"default-arg","locations":[{"start":{"line":97,"column":19},"end":{"line":97,"column":20}}]},"14":{"loc":{"start":{"line":98,"column":4},"end":{"line":98,"column":22}},"type":"default-arg","locations":[{"start":{"line":98,"column":20},"end":{"line":98,"column":22}}]},"15":{"loc":{"start":{"line":99,"column":4},"end":{"line":99,"column":41}},"type":"default-arg","locations":[{"start":{"line":99,"column":33},"end":{"line":99,"column":41}}]},"16":{"loc":{"start":{"line":100,"column":4},"end":{"line":100,"column":38}},"type":"default-arg","locations":[{"start":{"line":100,"column":32},"end":{"line":100,"column":38}}]},"17":{"loc":{"start":{"line":102,"column":4},"end":{"line":102,"column":78}},"type":"if","locations":[{"start":{"line":102,"column":4},"end":{"line":102,"column":78}}]},"18":{"loc":{"start":{"line":103,"column":4},"end":{"line":103,"column":48}},"type":"if","locations":[{"start":{"line":103,"column":4},"end":{"line":103,"column":48}}]},"19":{"loc":{"start":{"line":108,"column":18},"end":{"line":108,"column":46}},"type":"cond-expr","locations":[{"start":{"line":108,"column":40},"end":{"line":108,"column":41}},{"start":{"line":108,"column":44},"end":{"line":108,"column":46}}]},"20":{"loc":{"start":{"line":125,"column":4},"end":{"line":125,"column":78}},"type":"if","locations":[{"start":{"line":125,"column":4},"end":{"line":125,"column":78}}]},"21":{"loc":{"start":{"line":126,"column":4},"end":{"line":126,"column":50}},"type":"if","locations":[{"start":{"line":126,"column":4},"end":{"line":126,"column":50}}]},"22":{"loc":{"start":{"line":141,"column":4},"end":{"line":147,"column":5}},"type":"if","locations":[{"start":{"line":141,"column":4},"end":{"line":147,"column":5}}]},"23":{"loc":{"start":{"line":141,"column":8},"end":{"line":141,"column":40}},"type":"binary-expr","locations":[{"start":{"line":141,"column":8},"end":{"line":141,"column":16}},{"start":{"line":141,"column":20},"end":{"line":141,"column":40}}]},"24":{"loc":{"start":{"line":167,"column":26},"end":{"line":167,"column":74}},"type":"cond-expr","locations":[{"start":{"line":167,"column":41},"end":{"line":167,"column":70}},{"start":{"line":167,"column":73},"end":{"line":167,"column":74}}]},"25":{"loc":{"start":{"line":183,"column":4},"end":{"line":183,"column":78}},"type":"if","locations":[{"start":{"line":183,"column":4},"end":{"line":183,"column":78}}]},"26":{"loc":{"start":{"line":187,"column":4},"end":{"line":189,"column":5}},"type":"if","locations":[{"start":{"line":187,"column":4},"end":{"line":189,"column":5}}]},"27":{"loc":{"start":{"line":191,"column":4},"end":{"line":197,"column":5}},"type":"if","locations":[{"start":{"line":191,"column":4},"end":{"line":197,"column":5}}]},"28":{"loc":{"start":{"line":192,"column":8},"end":{"line":194,"column":26}},"type":"binary-expr","locations":[{"start":{"line":192,"column":8},"end":{"line":192,"column":41}},{"start":{"line":193,"column":8},"end":{"line":193,"column":26}},{"start":{"line":194,"column":8},"end":{"line":194,"column":26}}]},"29":{"loc":{"start":{"line":199,"column":4},"end":{"line":201,"column":5}},"type":"if","locations":[{"start":{"line":199,"column":4},"end":{"line":201,"column":5}}]},"30":{"loc":{"start":{"line":204,"column":4},"end":{"line":206,"column":5}},"type":"if","locations":[{"start":{"line":204,"column":4},"end":{"line":206,"column":5}}]},"31":{"loc":{"start":{"line":205,"column":38},"end":{"line":205,"column":73}},"type":"cond-expr","locations":[{"start":{"line":205,"column":67},"end":{"line":205,"column":68}},{"start":{"line":205,"column":71},"end":{"line":205,"column":73}}]},"32":{"loc":{"start":{"line":213,"column":4},"end":{"line":213,"column":78}},"type":"if","locations":[{"start":{"line":213,"column":4},"end":{"line":213,"column":78}}]},"33":{"loc":{"start":{"line":214,"column":4},"end":{"line":214,"column":43}},"type":"if","locations":[{"start":{"line":214,"column":4},"end":{"line":214,"column":43}}]},"34":{"loc":{"start":{"line":222,"column":11},"end":{"line":222,"column":51}},"type":"cond-expr","locations":[{"start":{"line":222,"column":21},"end":{"line":222,"column":44}},{"start":{"line":222,"column":47},"end":{"line":222,"column":51}}]}},"s":{"0":3,"1":3,"2":3,"3":3,"4":3,"5":3,"6":3,"7":3,"8":3,"9":3,"10":3,"11":3,"12":1,"13":0,"14":1,"15":1,"16":4,"17":0,"18":4,"19":3,"20":1,"21":1,"22":1,"23":0,"24":1,"25":1,"26":1,"27":2,"28":0,"29":2,"30":0,"31":2,"32":2,"33":2,"34":2,"35":2,"36":0,"37":2,"38":0,"39":2,"40":2,"41":2,"42":2,"43":0,"44":2,"45":1,"46":1,"47":1,"48":1,"49":2,"50":2,"51":0,"52":2,"53":1,"54":1,"55":1,"56":1,"57":1,"58":1,"59":2,"60":0,"61":2,"62":1,"63":1,"64":1,"65":0,"66":0,"67":0,"68":0,"69":0,"70":0,"71":0,"72":0,"73":0,"74":0,"75":0,"76":0,"77":0,"78":0,"79":0,"80":0,"81":0,"82":0,"83":0,"84":0,"85":0,"86":0,"87":0,"88":0,"89":0,"90":0,"91":0,"92":2,"93":0,"94":2,"95":1,"96":1,"97":1,"98":1,"99":1},"f":{"0":1,"1":4,"2":1,"3":2,"4":2,"5":2,"6":2,"7":2,"8":2,"9":0,"10":2},"b":{"0":[0],"1":[0],"2":[3],"3":[0],"4":[0],"5":[0],"6":[2,0],"7":[0],"8":[0],"9":[2,0],"10":[0],"11":[1],"12":[1,0],"13":[0],"14":[0],"15":[0],"16":[0],"17":[0],"18":[1],"19":[0,1],"20":[0],"21":[1],"22":[0],"23":[0,0],"24":[0,0],"25":[0],"26":[0],"27":[0],"28":[0,0,0],"29":[0],"30":[0],"31":[0,0],"32":[0],"33":[1],"34":[1,0]}}
,"/Users/dead_inside/bazyDanych/techmarket-api/src/models/user.model.ts": {"path":"/Users/dead_inside/bazyDanych/techmarket-api/src/models/user.model.ts","statementMap":{"0":{"start":{"line":13,"column":0},"end":{"line":13,"column":22}},"1":{"start":{"line":20,"column":0},"end":{"line":20,"column":22}},"2":{"start":{"line":31,"column":0},"end":{"line":31,"column":22}},"3":{"start":{"line":37,"column":0},"end":{"line":37,"column":22}},"4":{"start":{"line":55,"column":0},"end":{"line":55,"column":22}},"5":{"start":{"line":65,"column":0},"end":{"line":65,"column":22}},"6":{"start":{"line":1,"column":0},"end":{"line":1,"column":35}},"7":{"start":{"line":2,"column":0},"end":{"line":2,"column":59}},"8":{"start":{"line":14,"column":4},"end":{"line":14,"column":74}},"9":{"start":{"line":14,"column":28},"end":{"line":14,"column":74}},"10":{"start":{"line":15,"column":24},"end":{"line":15,"column":50}},"11":{"start":{"line":16,"column":19},"end":{"line":16,"column":46}},"12":{"start":{"line":17,"column":4},"end":{"line":17,"column":17}},"13":{"start":{"line":21,"column":4},"end":{"line":21,"column":74}},"14":{"start":{"line":21,"column":28},"end":{"line":21,"column":74}},"15":{"start":{"line":22,"column":4},"end":{"line":22,"column":43}},"16":{"start":{"line":22,"column":31},"end":{"line":22,"column":43}},"17":{"start":{"line":24,"column":18},"end":{"line":26,"column":6}},"18":{"start":{"line":28,"column":4},"end":{"line":28,"column":16}},"19":{"start":{"line":32,"column":4},"end":{"line":32,"column":74}},"20":{"start":{"line":32,"column":28},"end":{"line":32,"column":74}},"21":{"start":{"line":33,"column":19},"end":{"line":33,"column":62}},"22":{"start":{"line":34,"column":4},"end":{"line":34,"column":51}},"23":{"start":{"line":41,"column":4},"end":{"line":41,"column":74}},"24":{"start":{"line":41,"column":28},"end":{"line":41,"column":74}},"25":{"start":{"line":42,"column":4},"end":{"line":42,"column":43}},"26":{"start":{"line":42,"column":31},"end":{"line":42,"column":43}},"27":{"start":{"line":44,"column":19},"end":{"line":44,"column":44}},"28":{"start":{"line":45,"column":19},"end":{"line":45,"column":40}},"29":{"start":{"line":47,"column":19},"end":{"line":49,"column":6}},"30":{"start":{"line":51,"column":4},"end":{"line":51,"column":46}},"31":{"start":{"line":51,"column":34},"end":{"line":51,"column":46}},"32":{"start":{"line":52,"column":4},"end":{"line":52,"column":32}},"33":{"start":{"line":56,"column":4},"end":{"line":56,"column":74}},"34":{"start":{"line":56,"column":28},"end":{"line":56,"column":74}},"35":{"start":{"line":57,"column":4},"end":{"line":57,"column":43}},"36":{"start":{"line":57,"column":31},"end":{"line":57,"column":43}},"37":{"start":{"line":59,"column":19},"end":{"line":59,"column":44}},"38":{"start":{"line":60,"column":19},"end":{"line":60,"column":67}},"39":{"start":{"line":61,"column":4},"end":{"line":61,"column":46}},"40":{"start":{"line":61,"column":34},"end":{"line":61,"column":46}},"41":{"start":{"line":62,"column":4},"end":{"line":62,"column":32}},"42":{"start":{"line":66,"column":4},"end":{"line":66,"column":74}},"43":{"start":{"line":66,"column":28},"end":{"line":66,"column":74}},"44":{"start":{"line":67,"column":4},"end":{"line":67,"column":43}},"45":{"start":{"line":67,"column":31},"end":{"line":67,"column":43}},"46":{"start":{"line":69,"column":22},"end":{"line":79,"column":6}},"47":{"start":{"line":80,"column":19},"end":{"line":80,"column":41}},"48":{"start":{"line":81,"column":4},"end":{"line":81,"column":26}}},"fnMap":{"0":{"name":"getAllUsers","decl":{"start":{"line":13,"column":22},"end":{"line":13,"column":33}},"loc":{"start":{"line":13,"column":33},"end":{"line":18,"column":null}}},"1":{"name":"getUserById","decl":{"start":{"line":20,"column":22},"end":{"line":20,"column":33}},"loc":{"start":{"line":20,"column":44},"end":{"line":29,"column":null}}},"2":{"name":"createUser","decl":{"start":{"line":31,"column":22},"end":{"line":31,"column":32}},"loc":{"start":{"line":31,"column":60},"end":{"line":35,"column":null}}},"3":{"name":"partlyChangeUser","decl":{"start":{"line":37,"column":22},"end":{"line":37,"column":38}},"loc":{"start":{"line":39,"column":43},"end":{"line":53,"column":null}}},"4":{"name":"deleteUser","decl":{"start":{"line":55,"column":22},"end":{"line":55,"column":32}},"loc":{"start":{"line":55,"column":43},"end":{"line":63,"column":null}}},"5":{"name":"getUserWithRelations","decl":{"start":{"line":65,"column":22},"end":{"line":65,"column":42}},"loc":{"start":{"line":65,"column":53},"end":{"line":82,"column":null}}}},"branchMap":{"0":{"loc":{"start":{"line":14,"column":4},"end":{"line":14,"column":74}},"type":"if","locations":[{"start":{"line":14,"column":4},"end":{"line":14,"column":74}}]},"1":{"loc":{"start":{"line":21,"column":4},"end":{"line":21,"column":74}},"type":"if","locations":[{"start":{"line":21,"column":4},"end":{"line":21,"column":74}}]},"2":{"loc":{"start":{"line":22,"column":4},"end":{"line":22,"column":43}},"type":"if","locations":[{"start":{"line":22,"column":4},"end":{"line":22,"column":43}}]},"3":{"loc":{"start":{"line":32,"column":4},"end":{"line":32,"column":74}},"type":"if","locations":[{"start":{"line":32,"column":4},"end":{"line":32,"column":74}}]},"4":{"loc":{"start":{"line":41,"column":4},"end":{"line":41,"column":74}},"type":"if","locations":[{"start":{"line":41,"column":4},"end":{"line":41,"column":74}}]},"5":{"loc":{"start":{"line":42,"column":4},"end":{"line":42,"column":43}},"type":"if","locations":[{"start":{"line":42,"column":4},"end":{"line":42,"column":43}}]},"6":{"loc":{"start":{"line":51,"column":4},"end":{"line":51,"column":46}},"type":"if","locations":[{"start":{"line":51,"column":4},"end":{"line":51,"column":46}}]},"7":{"loc":{"start":{"line":51,"column":8},"end":{"line":51,"column":32}},"type":"binary-expr","locations":[{"start":{"line":51,"column":8},"end":{"line":51,"column":15}},{"start":{"line":51,"column":19},"end":{"line":51,"column":32}}]},"8":{"loc":{"start":{"line":56,"column":4},"end":{"line":56,"column":74}},"type":"if","locations":[{"start":{"line":56,"column":4},"end":{"line":56,"column":74}}]},"9":{"loc":{"start":{"line":57,"column":4},"end":{"line":57,"column":43}},"type":"if","locations":[{"start":{"line":57,"column":4},"end":{"line":57,"column":43}}]},"10":{"loc":{"start":{"line":61,"column":4},"end":{"line":61,"column":46}},"type":"if","locations":[{"start":{"line":61,"column":4},"end":{"line":61,"column":46}}]},"11":{"loc":{"start":{"line":61,"column":8},"end":{"line":61,"column":32}},"type":"binary-expr","locations":[{"start":{"line":61,"column":8},"end":{"line":61,"column":15}},{"start":{"line":61,"column":19},"end":{"line":61,"column":32}}]},"12":{"loc":{"start":{"line":66,"column":4},"end":{"line":66,"column":74}},"type":"if","locations":[{"start":{"line":66,"column":4},"end":{"line":66,"column":74}}]},"13":{"loc":{"start":{"line":67,"column":4},"end":{"line":67,"column":43}},"type":"if","locations":[{"start":{"line":67,"column":4},"end":{"line":67,"column":43}}]},"14":{"loc":{"start":{"line":81,"column":11},"end":{"line":81,"column":25}},"type":"binary-expr","locations":[{"start":{"line":81,"column":11},"end":{"line":81,"column":17}},{"start":{"line":81,"column":21},"end":{"line":81,"column":25}}]}},"s":{"0":3,"1":3,"2":3,"3":3,"4":3,"5":3,"6":3,"7":3,"8":1,"9":0,"10":1,"11":1,"12":1,"13":2,"14":0,"15":2,"16":0,"17":2,"18":2,"19":1,"20":0,"21":1,"22":1,"23":2,"24":0,"25":2,"26":0,"27":2,"28":2,"29":2,"30":2,"31":1,"32":1,"33":2,"34":0,"35":2,"36":0,"37":2,"38":2,"39":2,"40":1,"41":1,"42":2,"43":0,"44":2,"45":0,"46":2,"47":2,"48":2},"f":{"0":1,"1":2,"2":1,"3":2,"4":2,"5":2},"b":{"0":[0],"1":[0],"2":[0],"3":[0],"4":[0],"5":[0],"6":[1],"7":[2,2],"8":[0],"9":[0],"10":[1],"11":[2,2],"12":[0],"13":[0],"14":[2,1]}}
,"/Users/dead_inside/bazyDanych/techmarket-api/src/routes/product.route.ts": {"path":"/Users/dead_inside/bazyDanych/techmarket-api/src/routes/product.route.ts","statementMap":{"0":{"start":{"line":1,"column":0},"end":{"line":1,"column":33}},"1":{"start":{"line":2,"column":0},"end":{"line":2,"column":null}},"2":{"start":{"line":11,"column":15},"end":{"line":11,"column":23}},"3":{"start":{"line":13,"column":0},"end":{"line":13,"column":42}},"4":{"start":{"line":14,"column":0},"end":{"line":14,"column":52}},"5":{"start":{"line":15,"column":0},"end":{"line":15,"column":63}},"6":{"start":{"line":16,"column":0},"end":{"line":16,"column":42}},"7":{"start":{"line":17,"column":0},"end":{"line":17,"column":59}},"8":{"start":{"line":18,"column":0},"end":{"line":18,"column":54}},"9":{"start":{"line":20,"column":0},"end":{"line":20,"column":22}}},"fnMap":{},"branchMap":{},"s":{"0":3,"1":3,"2":3,"3":3,"4":3,"5":3,"6":3,"7":3,"8":3,"9":3},"f":{},"b":{}}
,"/Users/dead_inside/bazyDanych/techmarket-api/src/routes/review.route.ts": {"path":"/Users/dead_inside/bazyDanych/techmarket-api/src/routes/review.route.ts","statementMap":{"0":{"start":{"line":1,"column":0},"end":{"line":1,"column":33}},"1":{"start":{"line":2,"column":0},"end":{"line":2,"column":null}},"2":{"start":{"line":15,"column":15},"end":{"line":15,"column":23}},"3":{"start":{"line":17,"column":0},"end":{"line":17,"column":41}},"4":{"start":{"line":18,"column":0},"end":{"line":18,"column":50}},"5":{"start":{"line":19,"column":0},"end":{"line":19,"column":61}},"6":{"start":{"line":20,"column":0},"end":{"line":20,"column":65}},"7":{"start":{"line":21,"column":0},"end":{"line":21,"column":76}},"8":{"start":{"line":22,"column":0},"end":{"line":22,"column":54}},"9":{"start":{"line":23,"column":0},"end":{"line":23,"column":41}},"10":{"start":{"line":24,"column":0},"end":{"line":24,"column":57}},"11":{"start":{"line":25,"column":0},"end":{"line":25,"column":54}},"12":{"start":{"line":26,"column":0},"end":{"line":26,"column":52}},"13":{"start":{"line":28,"column":0},"end":{"line":28,"column":22}}},"fnMap":{},"branchMap":{},"s":{"0":3,"1":3,"2":3,"3":3,"4":3,"5":3,"6":3,"7":3,"8":3,"9":3,"10":3,"11":3,"12":3,"13":3},"f":{},"b":{}}
,"/Users/dead_inside/bazyDanych/techmarket-api/src/routes/user.route.ts": {"path":"/Users/dead_inside/bazyDanych/techmarket-api/src/routes/user.route.ts","statementMap":{"0":{"start":{"line":1,"column":0},"end":{"line":1,"column":33}},"1":{"start":{"line":2,"column":0},"end":{"line":2,"column":null}},"2":{"start":{"line":11,"column":15},"end":{"line":11,"column":23}},"3":{"start":{"line":13,"column":0},"end":{"line":13,"column":39}},"4":{"start":{"line":14,"column":0},"end":{"line":14,"column":46}},"5":{"start":{"line":15,"column":0},"end":{"line":15,"column":57}},"6":{"start":{"line":16,"column":0},"end":{"line":16,"column":39}},"7":{"start":{"line":17,"column":0},"end":{"line":17,"column":53}},"8":{"start":{"line":18,"column":0},"end":{"line":18,"column":48}},"9":{"start":{"line":20,"column":0},"end":{"line":20,"column":22}}},"fnMap":{},"branchMap":{},"s":{"0":3,"1":3,"2":3,"3":3,"4":3,"5":3,"6":3,"7":3,"8":3,"9":3},"f":{},"b":{}}
}
