TN:
SF:src/server.ts
FN:22,(anonymous_1)
FN:30,(anonymous_2)
FN:35,(anonymous_3)
FNF:3
FNH:1
FNDA:3,(anonymous_1)
FNDA:0,(anonymous_2)
FNDA:0,(anonymous_3)
DA:1,3
DA:2,3
DA:3,3
DA:4,3
DA:6,3
DA:7,3
DA:8,3
DA:10,3
DA:11,3
DA:13,3
DA:15,3
DA:17,3
DA:18,3
DA:19,3
DA:21,3
DA:23,3
DA:24,3
DA:25,3
DA:27,3
DA:29,3
DA:30,0
DA:31,0
DA:36,0
DA:37,0
DA:40,3
LF:25
LH:21
BRDA:13,0,0,3
BRDA:13,0,1,0
BRDA:29,1,0,0
BRF:3
BRH:1
end_of_record
TN:
SF:src/controllers/product.controller.ts
FN:13,getAllProductsController
FN:43,getProductByIdController
FN:61,createProductController
FN:100,partlyChangeProductController
FN:121,(anonymous_15)
FN:161,deleteProductController
FN:185,getProductDetailsController
FNF:7
FNH:7
FNDA:2,getAllProductsController
FNDA:2,getProductByIdController
FNDA:1,createProductController
FNDA:3,partlyChangeProductController
FNDA:24,(anonymous_15)
FNDA:2,deleteProductController
FNDA:2,getProductDetailsController
DA:2,3
DA:13,3
DA:18,2
DA:19,2
DA:21,2
DA:23,1
DA:24,1
DA:25,0
DA:28,1
DA:33,1
DA:35,1
DA:36,1
DA:39,0
DA:43,3
DA:48,2
DA:49,2
DA:50,2
DA:51,2
DA:57,0
DA:61,3
DA:66,1
DA:76,1
DA:78,1
DA:89,1
DA:91,1
DA:96,0
DA:100,3
DA:105,3
DA:106,3
DA:108,3
DA:119,3
DA:121,3
DA:122,24
DA:123,3
DA:124,1
DA:125,2
DA:126,0
DA:127,2
DA:128,0
DA:130,2
DA:135,3
DA:136,1
DA:140,2
DA:145,2
DA:146,1
DA:150,1
DA:157,0
DA:161,3
DA:166,2
DA:167,2
DA:168,2
DA:170,2
DA:171,1
DA:175,1
DA:181,0
DA:185,3
DA:190,2
DA:191,2
DA:192,2
DA:193,2
DA:197,0
LF:61
LH:52
BRDA:21,0,0,1
BRDA:21,0,1,1
BRDA:21,1,0,2
BRDA:21,1,1,1
BRDA:23,2,0,1
BRDA:24,3,0,1
BRDA:24,3,1,0
BRDA:25,4,0,0
BRDA:51,5,0,1
BRDA:51,5,1,1
BRDA:122,6,0,3
BRDA:123,7,0,1
BRDA:123,7,1,2
BRDA:125,8,0,0
BRDA:125,8,1,2
BRDA:127,9,0,0
BRDA:127,9,1,2
BRDA:135,10,0,1
BRDA:135,10,1,2
BRDA:145,11,0,1
BRDA:145,11,1,1
BRDA:170,12,0,1
BRDA:170,12,1,1
BRDA:193,13,0,1
BRDA:193,13,1,1
BRF:25
BRH:21
end_of_record
TN:
SF:src/controllers/review.controller.ts
FN:16,getAllReviewsController
FN:29,getReviewByIdController
FN:47,createReviewController
FN:91,partlyChangeReviewController
FN:142,deleteReviewController
FN:163,getReviewDetailsController
FN:181,getReviewsByProductController
FN:206,getReviewStatsForProductController
FN:226,advancedSearchReviewController
FN:263,likeReviewController
FNF:10
FNH:9
FNDA:1,getAllReviewsController
FNDA:4,getReviewByIdController
FNDA:2,createReviewController
FNDA:2,partlyChangeReviewController
FNDA:2,deleteReviewController
FNDA:2,getReviewDetailsController
FNDA:2,getReviewsByProductController
FNDA:2,getReviewStatsForProductController
FNDA:0,advancedSearchReviewController
FNDA:2,likeReviewController
DA:2,3
DA:14,3
DA:16,3
DA:21,1
DA:22,1
DA:23,1
DA:25,0
DA:29,3
DA:34,4
DA:35,4
DA:36,4
DA:37,4
DA:38,3
DA:40,1
DA:43,0
DA:47,3
DA:52,2
DA:63,2
DA:65,2
DA:66,1
DA:68,1
DA:80,1
DA:81,1
DA:87,0
DA:91,3
DA:96,2
DA:97,2
DA:98,2
DA:100,2
DA:101,0
DA:105,2
DA:109,0
DA:111,2
DA:112,0
DA:114,2
DA:115,2
DA:117,2
DA:118,0
DA:121,2
DA:126,2
DA:127,1
DA:131,1
DA:138,0
DA:142,3
DA:147,2
DA:148,2
DA:149,2
DA:150,2
DA:151,1
DA:153,1
DA:159,0
DA:163,3
DA:168,2
DA:169,2
DA:170,2
DA:171,2
DA:172,1
DA:174,1
DA:177,0
DA:181,3
DA:186,2
DA:187,2
DA:188,2
DA:189,2
DA:190,2
DA:191,2
DA:193,2
DA:200,2
DA:202,0
DA:206,3
DA:211,2
DA:212,2
DA:213,2
DA:214,1
DA:215,1
DA:219,0
DA:222,1
DA:226,3
DA:231,0
DA:233,0
DA:235,0
DA:237,0
DA:243,0
DA:257,0
DA:259,0
DA:263,3
DA:268,2
DA:269,2
DA:270,2
DA:272,2
DA:273,1
DA:275,1
DA:281,0
LF:93
LH:73
BRDA:37,0,0,3
BRDA:37,0,1,1
BRDA:65,1,0,1
BRDA:65,1,1,1
BRDA:65,2,0,2
BRDA:65,2,1,1
BRDA:74,3,0,1
BRDA:74,3,1,0
BRDA:75,4,0,1
BRDA:75,4,1,0
BRDA:77,5,0,0
BRDA:77,5,1,1
BRDA:100,6,0,0
BRDA:100,6,1,2
BRDA:105,7,0,0
BRDA:106,8,0,2
BRDA:106,8,1,0
BRDA:111,9,0,0
BRDA:111,10,0,2
BRDA:111,10,1,0
BRDA:114,11,0,2
BRDA:117,12,0,0
BRDA:126,13,0,1
BRDA:126,13,1,1
BRDA:150,14,0,1
BRDA:150,14,1,1
BRDA:171,15,0,1
BRDA:171,15,1,1
BRDA:188,16,0,2
BRDA:188,16,1,0
BRDA:189,17,0,2
BRDA:189,17,1,0
BRDA:190,18,0,2
BRDA:190,18,1,1
BRDA:191,19,0,2
BRDA:191,19,1,1
BRDA:214,20,0,1
BRDA:214,20,1,0
BRDA:235,21,0,0
BRDA:235,21,1,0
BRDA:237,22,0,0
BRDA:237,22,1,0
BRDA:239,23,0,0
BRDA:239,23,1,0
BRDA:244,24,0,0
BRDA:244,24,1,0
BRDA:248,25,0,0
BRDA:248,25,1,0
BRDA:248,26,0,0
BRDA:248,26,1,0
BRDA:252,27,0,0
BRDA:252,27,1,0
BRDA:252,28,0,0
BRDA:252,28,1,0
BRDA:272,29,0,1
BRDA:272,29,1,1
BRF:56
BRH:28
end_of_record
TN:
SF:src/controllers/user.controller.ts
FN:12,getAllUsersController
FN:25,getUserByIdController
FN:41,createUserController
FN:66,partlyChangeUserController
FN:95,deleteUserController
FN:114,getUserDetailsController
FNF:6
FNH:6
FNDA:1,getAllUsersController
FNDA:2,getUserByIdController
FNDA:1,createUserController
FNDA:3,partlyChangeUserController
FNDA:2,deleteUserController
FNDA:2,getUserDetailsController
DA:2,3
DA:12,3
DA:17,1
DA:18,1
DA:19,1
DA:21,0
DA:25,3
DA:30,2
DA:31,2
DA:32,2
DA:33,2
DA:37,0
DA:41,3
DA:46,1
DA:47,1
DA:48,1
DA:56,1
DA:57,1
DA:62,0
DA:66,3
DA:71,3
DA:72,3
DA:73,3
DA:75,3
DA:76,1
DA:80,2
DA:81,2
DA:82,1
DA:84,1
DA:91,0
DA:95,3
DA:100,2
DA:101,2
DA:102,2
DA:103,2
DA:110,0
DA:114,3
DA:119,2
DA:120,2
DA:121,2
DA:122,2
DA:126,0
LF:42
LH:36
BRDA:33,0,0,1
BRDA:33,0,1,1
BRDA:75,1,0,1
BRDA:75,1,1,2
BRDA:81,2,0,1
BRDA:81,2,1,1
BRDA:103,3,0,1
BRDA:103,3,1,1
BRDA:122,4,0,1
BRDA:122,4,1,1
BRF:10
BRH:10
end_of_record
TN:
SF:src/middleware/errorHandler.ts
FN:3,middlewareForError
FNF:1
FNH:1
FNDA:1,middlewareForError
DA:3,3
DA:11,1
DA:16,0
DA:19,1
DA:20,0
DA:21,0
DA:25,0
DA:26,0
DA:30,0
DA:31,0
DA:35,0
DA:36,0
DA:38,0
DA:41,1
LF:14
LH:4
BRDA:11,0,0,0
BRDA:12,1,0,1
BRDA:12,1,1,1
BRDA:12,1,2,1
BRDA:19,2,0,0
BRDA:19,2,1,1
BRDA:20,3,0,0
BRDA:20,3,1,0
BRDA:25,4,0,0
BRDA:25,4,1,0
BRDA:30,5,0,0
BRDA:30,5,1,0
BRDA:35,6,0,0
BRDA:35,6,1,0
BRF:14
BRH:4
end_of_record
TN:
SF:src/models/product.model.ts
FN:16,getAllProducts
FN:23,getProductById
FN:36,createProduct
FN:48,updateProductPartly
FN:73,deleteProduct
FN:89,searchProducts
FN:111,getProductWithRelations
FNF:7
FNH:7
FNDA:1,getAllProducts
FNDA:2,getProductById
FNDA:1,createProduct
FNDA:2,updateProductPartly
FNDA:2,deleteProduct
FNDA:1,searchProducts
FNDA:2,getProductWithRelations
DA:1,3
DA:2,3
DA:16,3
DA:17,1
DA:18,1
DA:19,1
DA:20,1
DA:23,3
DA:24,2
DA:26,2
DA:27,1
DA:30,1
DA:33,1
DA:36,3
DA:39,1
DA:41,1
DA:42,1
DA:48,3
DA:52,2
DA:54,2
DA:55,0
DA:58,2
DA:60,2
DA:66,2
DA:67,1
DA:70,1
DA:73,3
DA:74,2
DA:76,2
DA:77,0
DA:80,2
DA:81,2
DA:83,2
DA:84,1
DA:86,1
DA:89,3
DA:93,1
DA:95,1
DA:97,1
DA:98,1
DA:101,1
DA:102,1
DA:103,1
DA:106,1
DA:107,1
DA:108,1
DA:111,3
DA:112,2
DA:114,2
DA:116,1
DA:128,1
DA:130,1
LF:52
LH:50
BRDA:17,0,0,0
BRDA:24,1,0,0
BRDA:26,2,0,1
BRDA:39,3,0,0
BRDA:52,4,0,0
BRDA:54,5,0,0
BRDA:66,6,0,1
BRDA:66,7,0,2
BRDA:66,7,1,2
BRDA:74,8,0,0
BRDA:76,9,0,0
BRDA:83,10,0,1
BRDA:83,11,0,2
BRDA:83,11,1,2
BRDA:93,12,0,0
BRDA:97,13,0,1
BRDA:102,14,0,1
BRDA:103,15,0,1
BRDA:103,15,1,0
BRDA:112,16,0,0
BRDA:114,17,0,1
BRDA:130,18,0,1
BRDA:130,18,1,0
BRF:23
BRH:12
end_of_record
TN:
SF:src/models/review.model.ts
FN:17,createReview
FN:24,getReviewById
FN:35,getAllReviews
FN:42,partlyChangeReview
FN:58,deleteReview
FN:68,getReviewWithRelations
FN:95,getReviewsByProduct
FN:96,(anonymous_20)
FN:120,getReviewStatsForProduct
FN:176,advancedSearchReviews
FN:212,likeReview
FNF:11
FNH:10
FNDA:1,createReview
FNDA:4,getReviewById
FNDA:1,getAllReviews
FNDA:2,partlyChangeReview
FNDA:2,deleteReview
FNDA:2,getReviewWithRelations
FNDA:2,getReviewsByProduct
FNDA:2,(anonymous_20)
FNDA:2,getReviewStatsForProduct
FNDA:0,advancedSearchReviews
FNDA:2,likeReview
DA:1,3
DA:2,3
DA:17,3
DA:18,1
DA:20,1
DA:21,1
DA:24,3
DA:25,4
DA:26,4
DA:28,1
DA:32,1
DA:35,3
DA:36,1
DA:37,1
DA:38,1
DA:39,1
DA:42,3
DA:46,2
DA:47,2
DA:49,2
DA:50,2
DA:51,2
DA:55,2
DA:58,3
DA:59,2
DA:60,2
DA:62,2
DA:63,2
DA:65,2
DA:68,3
DA:69,2
DA:70,2
DA:72,1
DA:91,1
DA:92,1
DA:95,3
DA:96,2
DA:102,2
DA:103,2
DA:105,1
DA:106,1
DA:107,1
DA:111,1
DA:117,1
DA:120,3
DA:125,2
DA:126,2
DA:128,1
DA:139,1
DA:141,0
DA:142,0
DA:149,0
DA:150,0
DA:151,0
DA:159,0
DA:160,0
DA:161,0
DA:162,0
DA:163,0
DA:164,0
DA:167,0
DA:169,0
DA:176,3
DA:183,0
DA:185,0
DA:187,0
DA:188,0
DA:191,0
DA:196,0
DA:199,0
DA:200,0
DA:203,0
DA:204,0
DA:205,0
DA:208,0
DA:209,0
DA:212,3
DA:213,2
DA:214,2
DA:216,1
DA:217,1
DA:218,1
DA:222,1
LF:83
LH:57
BRDA:18,0,0,0
BRDA:25,1,0,0
BRDA:26,2,0,3
BRDA:36,3,0,0
BRDA:46,4,0,0
BRDA:47,5,0,0
BRDA:55,6,0,2
BRDA:55,6,1,0
BRDA:59,7,0,0
BRDA:60,8,0,0
BRDA:65,9,0,2
BRDA:65,9,1,0
BRDA:69,10,0,0
BRDA:70,11,0,1
BRDA:92,12,0,1
BRDA:92,12,1,0
BRDA:97,13,0,0
BRDA:98,14,0,0
BRDA:99,15,0,0
BRDA:100,16,0,0
BRDA:102,17,0,0
BRDA:103,18,0,1
BRDA:108,19,0,0
BRDA:108,19,1,1
BRDA:125,20,0,0
BRDA:126,21,0,1
BRDA:141,22,0,0
BRDA:141,23,0,0
BRDA:141,23,1,0
BRDA:167,24,0,0
BRDA:167,24,1,0
BRDA:183,25,0,0
BRDA:187,26,0,0
BRDA:191,27,0,0
BRDA:192,28,0,0
BRDA:192,28,1,0
BRDA:192,28,2,0
BRDA:199,29,0,0
BRDA:204,30,0,0
BRDA:205,31,0,0
BRDA:205,31,1,0
BRDA:213,32,0,0
BRDA:214,33,0,1
BRDA:222,34,0,1
BRDA:222,34,1,0
BRF:45
BRH:10
end_of_record
TN:
SF:src/models/user.model.ts
FN:13,getAllUsers
FN:20,getUserById
FN:31,createUser
FN:37,partlyChangeUser
FN:55,deleteUser
FN:65,getUserWithRelations
FNF:6
FNH:6
FNDA:1,getAllUsers
FNDA:2,getUserById
FNDA:1,createUser
FNDA:2,partlyChangeUser
FNDA:2,deleteUser
FNDA:2,getUserWithRelations
DA:1,3
DA:2,3
DA:13,3
DA:14,1
DA:15,1
DA:16,1
DA:17,1
DA:20,3
DA:21,2
DA:22,2
DA:24,2
DA:28,2
DA:31,3
DA:32,1
DA:33,1
DA:34,1
DA:37,3
DA:41,2
DA:42,2
DA:44,2
DA:45,2
DA:47,2
DA:51,2
DA:52,1
DA:55,3
DA:56,2
DA:57,2
DA:59,2
DA:60,2
DA:61,2
DA:62,1
DA:65,3
DA:66,2
DA:67,2
DA:69,2
DA:80,2
DA:81,2
LF:37
LH:37
BRDA:14,0,0,0
BRDA:21,1,0,0
BRDA:22,2,0,0
BRDA:32,3,0,0
BRDA:41,4,0,0
BRDA:42,5,0,0
BRDA:51,6,0,1
BRDA:51,7,0,2
BRDA:51,7,1,2
BRDA:56,8,0,0
BRDA:57,9,0,0
BRDA:61,10,0,1
BRDA:61,11,0,2
BRDA:61,11,1,2
BRDA:66,12,0,0
BRDA:67,13,0,0
BRDA:81,14,0,2
BRDA:81,14,1,1
BRF:18
BRH:8
end_of_record
TN:
SF:src/routes/product.route.ts
FNF:0
FNH:0
DA:1,3
DA:2,3
DA:11,3
DA:13,3
DA:14,3
DA:15,3
DA:16,3
DA:17,3
DA:18,3
DA:20,3
LF:10
LH:10
BRF:0
BRH:0
end_of_record
TN:
SF:src/routes/review.route.ts
FNF:0
FNH:0
DA:1,3
DA:2,3
DA:15,3
DA:17,3
DA:18,3
DA:19,3
DA:20,3
DA:21,3
DA:22,3
DA:23,3
DA:24,3
DA:25,3
DA:26,3
DA:28,3
LF:14
LH:14
BRF:0
BRH:0
end_of_record
TN:
SF:src/routes/user.route.ts
FNF:0
FNH:0
DA:1,3
DA:2,3
DA:11,3
DA:13,3
DA:14,3
DA:15,3
DA:16,3
DA:17,3
DA:18,3
DA:20,3
LF:10
LH:10
BRF:0
BRH:0
end_of_record
