TN:
SF:src/server.ts
FN:27,(anonymous_1)
FNF:1
FNH:0
FNDA:0,(anonymous_1)
DA:1,4
DA:2,4
DA:3,4
DA:4,4
DA:5,4
DA:6,4
DA:7,4
DA:8,4
DA:9,4
DA:11,4
DA:13,4
DA:14,4
DA:15,4
DA:17,4
DA:18,4
DA:19,4
DA:20,4
DA:22,4
DA:24,4
DA:26,4
DA:27,0
DA:28,0
DA:32,4
LF:23
LH:21
BRDA:24,0,0,4
BRDA:24,0,1,0
BRDA:26,1,0,0
BRF:3
BRH:1
end_of_record
TN:
SF:src/controllers/category.controller.ts
FN:12,getAllCategoriesController
FN:25,getCategoryByIdController
FN:45,partlyChangeCategoryController
FN:65,createCategoryController
FN:87,deleteCategoryController
FN:106,getCategoryDetailsController
FNF:6
FNH:5
FNDA:1,getAllCategoriesController
FNDA:2,getCategoryByIdController
FNDA:1,partlyChangeCategoryController
FNDA:1,createCategoryController
FNDA:2,deleteCategoryController
FNDA:0,getCategoryDetailsController
DA:2,4
DA:12,4
DA:17,1
DA:18,1
DA:19,1
DA:21,0
DA:25,4
DA:30,2
DA:31,2
DA:32,2
DA:33,2
DA:41,0
DA:45,4
DA:50,1
DA:51,1
DA:52,1
DA:54,1
DA:56,1
DA:61,0
DA:65,4
DA:70,1
DA:71,1
DA:72,1
DA:77,1
DA:78,1
DA:83,0
DA:87,4
DA:92,2
DA:93,2
DA:94,2
DA:95,1
DA:102,1
DA:106,4
DA:111,0
DA:112,0
DA:113,0
DA:114,0
DA:118,0
LF:38
LH:29
BRDA:33,0,0,1
BRDA:33,0,1,1
BRDA:95,1,0,1
BRDA:95,1,1,0
BRDA:114,2,0,0
BRDA:114,2,1,0
BRF:6
BRH:3
end_of_record
TN:
SF:src/controllers/product.controller.ts
FN:13,getAllProductsController
FN:43,getProductByIdController
FN:61,createProductController
FN:100,partlyChangeProductController
FN:121,(anonymous_15)
FN:161,deleteProductController
FN:185,getProductDetailsController
FNF:7
FNH:6
FNDA:1,getAllProductsController
FNDA:2,getProductByIdController
FNDA:1,createProductController
FNDA:2,partlyChangeProductController
FNDA:16,(anonymous_15)
FNDA:2,deleteProductController
FNDA:0,getProductDetailsController
DA:2,4
DA:13,4
DA:18,1
DA:19,1
DA:21,1
DA:23,0
DA:24,0
DA:25,0
DA:28,0
DA:33,0
DA:35,1
DA:36,1
DA:39,0
DA:43,4
DA:48,2
DA:49,2
DA:50,2
DA:51,2
DA:57,0
DA:61,4
DA:66,1
DA:76,1
DA:78,1
DA:89,1
DA:91,1
DA:96,0
DA:100,4
DA:105,2
DA:106,2
DA:108,2
DA:119,2
DA:121,2
DA:122,16
DA:123,2
DA:124,1
DA:125,1
DA:126,0
DA:127,1
DA:128,0
DA:130,1
DA:135,2
DA:136,1
DA:140,1
DA:145,1
DA:146,0
DA:150,1
DA:157,0
DA:161,4
DA:166,2
DA:167,2
DA:168,2
DA:170,1
DA:171,0
DA:175,1
DA:181,1
DA:185,4
DA:190,0
DA:191,0
DA:192,0
DA:193,0
DA:197,0
LF:61
LH:43
BRDA:21,0,0,0
BRDA:21,0,1,1
BRDA:21,1,0,1
BRDA:21,1,1,1
BRDA:23,2,0,0
BRDA:24,3,0,0
BRDA:24,3,1,0
BRDA:25,4,0,0
BRDA:51,5,0,1
BRDA:51,5,1,1
BRDA:122,6,0,2
BRDA:123,7,0,1
BRDA:123,7,1,1
BRDA:125,8,0,0
BRDA:125,8,1,1
BRDA:127,9,0,0
BRDA:127,9,1,1
BRDA:135,10,0,1
BRDA:135,10,1,1
BRDA:145,11,0,0
BRDA:145,11,1,1
BRDA:170,12,0,0
BRDA:170,12,1,1
BRDA:193,13,0,0
BRDA:193,13,1,0
BRF:25
BRH:14
end_of_record
TN:
SF:src/controllers/review.controller.ts
FN:12,getAllReviewsController
FN:25,getReviewByIdController
FN:41,createReviewController
FN:65,partlyChangeReviewController
FN:93,deleteReviewController
FN:112,getReviewDetailsController
FNF:6
FNH:5
FNDA:1,getAllReviewsController
FNDA:2,getReviewByIdController
FNDA:1,createReviewController
FNDA:1,partlyChangeReviewController
FNDA:2,deleteReviewController
FNDA:0,getReviewDetailsController
DA:2,4
DA:12,4
DA:17,1
DA:18,1
DA:19,1
DA:21,0
DA:25,4
DA:30,2
DA:31,2
DA:32,2
DA:33,2
DA:37,0
DA:41,4
DA:46,1
DA:47,1
DA:48,1
DA:55,1
DA:56,1
DA:61,0
DA:65,4
DA:70,1
DA:71,1
DA:72,1
DA:74,1
DA:75,0
DA:79,1
DA:83,1
DA:89,0
DA:93,4
DA:98,2
DA:99,2
DA:100,2
DA:101,1
DA:108,1
DA:112,4
DA:117,0
DA:118,0
DA:119,0
DA:120,0
DA:124,0
LF:40
LH:30
BRDA:33,0,0,1
BRDA:33,0,1,1
BRDA:74,1,0,0
BRDA:74,1,1,1
BRDA:101,2,0,1
BRDA:101,2,1,0
BRDA:120,3,0,0
BRDA:120,3,1,0
BRF:8
BRH:4
end_of_record
TN:
SF:src/controllers/user.controller.ts
FN:12,getAllUsersController
FN:25,getUserByIdController
FN:41,createUserController
FN:66,partlyChangeUserController
FN:91,deleteUserController
FN:110,getUserDetailsController
FNF:6
FNH:5
FNDA:1,getAllUsersController
FNDA:2,getUserByIdController
FNDA:1,createUserController
FNDA:1,partlyChangeUserController
FNDA:2,deleteUserController
FNDA:0,getUserDetailsController
DA:2,4
DA:12,4
DA:17,1
DA:18,1
DA:19,1
DA:21,0
DA:25,4
DA:30,2
DA:31,2
DA:32,2
DA:33,2
DA:37,0
DA:41,4
DA:46,1
DA:47,1
DA:48,1
DA:56,1
DA:57,1
DA:62,0
DA:66,4
DA:71,1
DA:72,1
DA:73,1
DA:75,1
DA:76,0
DA:80,1
DA:81,1
DA:87,0
DA:91,4
DA:96,2
DA:97,2
DA:98,2
DA:99,1
DA:106,1
DA:110,4
DA:115,0
DA:116,0
DA:117,0
DA:118,0
DA:122,0
LF:40
LH:30
BRDA:33,0,0,1
BRDA:33,0,1,1
BRDA:75,1,0,0
BRDA:75,1,1,1
BRDA:99,2,0,1
BRDA:99,2,1,0
BRDA:118,3,0,0
BRDA:118,3,1,0
BRF:8
BRH:4
end_of_record
TN:
SF:src/middleware/errorHandler.ts
FN:3,middlewareForError
FNF:1
FNH:1
FNDA:4,middlewareForError
DA:3,4
DA:9,4
DA:11,4
DA:16,4
DA:19,4
DA:20,0
DA:21,0
DA:25,0
DA:26,0
DA:30,0
DA:31,0
DA:35,0
DA:36,0
DA:38,0
DA:41,4
LF:15
LH:6
BRDA:11,0,0,4
BRDA:12,1,0,4
BRDA:12,1,1,4
BRDA:12,1,2,2
BRDA:19,2,0,0
BRDA:19,2,1,4
BRDA:20,3,0,0
BRDA:20,3,1,0
BRDA:25,4,0,0
BRDA:25,4,1,0
BRDA:30,5,0,0
BRDA:30,5,1,0
BRDA:35,6,0,0
BRDA:35,6,1,0
BRF:14
BRH:5
end_of_record
TN:
SF:src/models/category.model.ts
FN:10,getAllCategories
FN:15,getCategoryById
FN:22,partlyChangeCategory
FN:39,createCategory
FN:52,deleteCategory
FN:59,getCategoryWithRelations
FNF:6
FNH:5
FNDA:1,getAllCategories
FNDA:2,getCategoryById
FNDA:1,partlyChangeCategory
FNDA:1,createCategory
FNDA:2,deleteCategory
FNDA:0,getCategoryWithRelations
DA:2,4
DA:10,4
DA:11,1
DA:12,1
DA:15,4
DA:16,2
DA:19,2
DA:22,4
DA:26,1
DA:27,0
DA:29,1
DA:35,1
DA:39,4
DA:40,1
DA:42,1
DA:49,1
DA:52,4
DA:53,2
DA:56,1
DA:59,4
DA:60,0
DA:64,0
LF:22
LH:19
BRDA:26,0,0,0
BRDA:26,0,1,1
BRF:2
BRH:1
end_of_record
TN:
SF:src/models/product.model.ts
FN:19,getAllProducts
FN:24,getProductById
FN:31,createProduct
FN:61,updateProductPartly
FN:78,deleteProduct
FN:88,searchProducts
FN:110,getProductWithRelations
FNF:7
FNH:5
FNDA:1,getAllProducts
FNDA:2,getProductById
FNDA:1,createProduct
FNDA:1,updateProductPartly
FNDA:2,deleteProduct
FNDA:0,searchProducts
FNDA:0,getProductWithRelations
DA:4,4
DA:19,4
DA:20,1
DA:21,1
DA:24,4
DA:25,2
DA:28,2
DA:31,4
DA:43,1
DA:45,1
DA:58,1
DA:61,4
DA:65,1
DA:66,0
DA:68,1
DA:74,1
DA:78,4
DA:79,2
DA:85,1
DA:88,4
DA:92,0
DA:94,0
DA:95,0
DA:100,0
DA:101,0
DA:106,0
DA:107,0
DA:110,4
DA:111,0
DA:120,0
LF:30
LH:20
BRDA:65,0,0,0
BRDA:65,0,1,1
BRDA:94,1,0,0
BRDA:100,2,0,0
BRF:4
BRH:1
end_of_record
TN:
SF:src/models/review.model.ts
FN:12,getAllReviews
FN:17,getReviewById
FN:24,createReview
FN:37,partlyChangeReview
FN:51,deleteReview
FN:58,getReviewWithRelations
FNF:6
FNH:5
FNDA:1,getAllReviews
FNDA:2,getReviewById
FNDA:1,createReview
FNDA:1,partlyChangeReview
FNDA:2,deleteReview
FNDA:0,getReviewWithRelations
DA:2,4
DA:12,4
DA:13,1
DA:14,1
DA:17,4
DA:18,2
DA:21,2
DA:24,4
DA:25,1
DA:26,1
DA:34,1
DA:37,4
DA:41,1
DA:42,0
DA:44,1
DA:48,1
DA:51,4
DA:52,2
DA:55,1
DA:58,4
DA:59,0
DA:63,0
LF:22
LH:19
BRDA:41,0,0,0
BRF:1
BRH:0
end_of_record
TN:
SF:src/models/user.model.ts
FN:13,getAllUsers
FN:18,getUserById
FN:25,createUser
FN:39,partlyChangeUser
FN:53,deleteUser
FN:60,getUserWithRelations
FNF:6
FNH:5
FNDA:1,getAllUsers
FNDA:2,getUserById
FNDA:1,createUser
FNDA:1,partlyChangeUser
FNDA:2,deleteUser
FNDA:0,getUserWithRelations
DA:2,4
DA:13,4
DA:14,1
DA:15,1
DA:18,4
DA:19,2
DA:22,2
DA:25,4
DA:26,1
DA:27,1
DA:36,1
DA:39,4
DA:43,1
DA:44,0
DA:46,1
DA:50,1
DA:53,4
DA:54,2
DA:57,1
DA:60,4
DA:61,0
DA:65,0
LF:22
LH:19
BRDA:43,0,0,0
BRF:1
BRH:0
end_of_record
TN:
SF:src/routes/category.route.ts
FNF:0
FNH:0
DA:1,4
DA:2,4
DA:11,4
DA:13,4
DA:14,4
DA:15,4
DA:16,4
DA:17,4
DA:18,4
DA:20,4
LF:10
LH:10
BRF:0
BRH:0
end_of_record
TN:
SF:src/routes/product.route.ts
FNF:0
FNH:0
DA:1,4
DA:2,4
DA:11,4
DA:13,4
DA:14,4
DA:15,4
DA:16,4
DA:17,4
DA:18,4
DA:20,4
LF:10
LH:10
BRF:0
BRH:0
end_of_record
TN:
SF:src/routes/review.route.ts
FNF:0
FNH:0
DA:1,4
DA:2,4
DA:11,4
DA:13,4
DA:14,4
DA:15,4
DA:16,4
DA:17,4
DA:18,4
DA:20,4
LF:10
LH:10
BRF:0
BRH:0
end_of_record
TN:
SF:src/routes/user.route.ts
FNF:0
FNH:0
DA:1,4
DA:2,4
DA:11,4
DA:13,4
DA:14,4
DA:15,4
DA:16,4
DA:17,4
DA:18,4
DA:20,4
LF:10
LH:10
BRF:0
BRH:0
end_of_record
